Using pre-set license
Built from '2021.1/staging' branch; Version is '2021.1.5f1 (3737af19df53) revision 3618735'; Using compiler version '192528614'; Build Type 'Release'
OS: 'Windows 10 Pro; OS build 19042.1348; Version 2009; 64bit' Language: 'ru' Physical Memory: 8149 MB
BatchMode: 1, IsHumanControllingUs: 0, StartBugReporterOnCrash: 0, Is64bit: 1, IsPro: 0

 COMMAND LINE ARGUMENTS:
E:\Revina\2021.1.5f1\Editor\Unity.exe
-adb2
-batchMode
-noUpm
-name
AssetImportWorker14
-projectPath
D:/UnityEducation/CarGameMobile2D/CarGameMobile/CarGameMobile_End
-logFile
Logs/AssetImportWorker14.log
-srvPort
54306
Successfully changed project path to: D:/UnityEducation/CarGameMobile2D/CarGameMobile/CarGameMobile_End
D:/UnityEducation/CarGameMobile2D/CarGameMobile/CarGameMobile_End
Using Asset Import Pipeline V2.
Refreshing native plugins compatible for Editor in 317.64 ms, found 3 plugins.
Preloading 0 native plugins for Editor in 0.00 ms.
Initialize engine version: 2021.1.5f1 (3737af19df53)
[Subsystems] Discovering subsystems at path E:/Revina/2021.1.5f1/Editor/Data/Resources/UnitySubsystems
[Subsystems] Discovering subsystems at path D:/UnityEducation/CarGameMobile2D/CarGameMobile/CarGameMobile_End/Assets
GfxDevice: creating device client; threaded=0; jobified=0
Direct3D:
    Version:  Direct3D 11.0 [level 11.1]
    Renderer: NVIDIA GeForce GTX 960 (ID=0x1401)
    Vendor:   NVIDIA
    VRAM:     2007 MB
    Driver:   27.21.14.5671
Initialize mono
Mono path[0] = 'E:/Revina/2021.1.5f1/Editor/Data/Managed'
Mono path[1] = 'E:/Revina/2021.1.5f1/Editor/Data/MonoBleedingEdge/lib/mono/unityjit'
Mono config path = 'E:/Revina/2021.1.5f1/Editor/Data/MonoBleedingEdge/etc'
Using monoOptions --debugger-agent=transport=dt_socket,embedding=1,server=y,suspend=n,address=127.0.0.1:56812
Begin MonoManager ReloadAssembly
Registering precompiled unity dll's ...
Register platform support module: E:/Revina/2021.1.5f1/Editor/Data/PlaybackEngines/WindowsStandaloneSupport/UnityEditor.WindowsStandalone.Extensions.dll
Registered in 0.006181 seconds.
Native extension for WindowsStandalone target not found
Refreshing native plugins compatible for Editor in 247.70 ms, found 3 plugins.
Preloading 0 native plugins for Editor in 0.00 ms.
Mono: successfully reloaded assembly
- Completed reload, in  6.787 seconds
Platform modules already initialized, skipping
Registering precompiled user dll's ...
Registered in 0.014099 seconds.
Begin MonoManager ReloadAssembly
Native extension for WindowsStandalone target not found
Refreshing native plugins compatible for Editor in 725.48 ms, found 3 plugins.
Preloading 0 native plugins for Editor in 0.00 ms.
Mono: successfully reloaded assembly
- Completed reload, in 10.133 seconds
Platform modules already initialized, skipping
========================================================================
Worker process is ready to serve import requests
Launched and connected shader compiler UnityShaderCompiler.exe after 1.00 seconds
Refreshing native plugins compatible for Editor in 2.13 ms, found 3 plugins.
Preloading 0 native plugins for Editor in 0.00 ms.
Unloading 3574 Unused Serialized files (Serialized files now loaded: 0)
System memory in use before: 141.4 MB.
System memory in use after: 141.6 MB.

Unloading 90 unused Assets to reduce memory usage. Loaded Objects now: 3972.
Total: 42.409900 ms (FindLiveObjects: 0.926400 ms CreateObjectMapping: 0.850000 ms MarkObjects: 27.382000 ms  DeleteObjects: 13.247300 ms)

========================================================================
Received Import Request.
  path: Assets/_Root/Settings/Localization/French (fr).asset
  artifactKey: Guid(de212440fbeedd64a91e8c09a1235020) Importer(815301076,1909f56bfc062723c751e8b465ee728b)
Start importing Assets/_Root/Settings/Localization/French (fr).asset using Guid(de212440fbeedd64a91e8c09a1235020) Importer(815301076,1909f56bfc062723c751e8b465ee728b)  -> (artifact id: 'de58f46460af2294a0008d0285629d71') in 0.766605 seconds 
========================================================================
Received Import Request.
  Time since last request: 0.000495 seconds.
  path: Assets/_Root/Settings/Localization/Localization Settings.asset
  artifactKey: Guid(8bef248c1e1540d428a0ef0c87dfcc98) Importer(815301076,1909f56bfc062723c751e8b465ee728b)
Start importing Assets/_Root/Settings/Localization/Localization Settings.asset using Guid(8bef248c1e1540d428a0ef0c87dfcc98) Importer(815301076,1909f56bfc062723c751e8b465ee728b)  -> (artifact id: '4c40bf4c697732b5d65b99d92f39c0fa') in 0.064354 seconds 
========================================================================
Received Import Request.
  Time since last request: 0.000389 seconds.
  path: Assets/_Root/Settings/Localization/Main Shared Data.asset
  artifactKey: Guid(2eb8cf3a376d2264da3605af2912eacc) Importer(815301076,1909f56bfc062723c751e8b465ee728b)
Start importing Assets/_Root/Settings/Localization/Main Shared Data.asset using Guid(2eb8cf3a376d2264da3605af2912eacc) Importer(815301076,1909f56bfc062723c751e8b465ee728b)  -> (artifact id: 'cad9f6a7a229d1fcd11c02bb3980aa1f') in 0.031482 seconds 
========================================================================
Received Import Request.
  Time since last request: 0.000456 seconds.
  path: Assets/_Root/Settings/Localization/Main_fr.asset
  artifactKey: Guid(e91525a1eecf3ff4c8c4549a3b66a93a) Importer(815301076,1909f56bfc062723c751e8b465ee728b)
Start importing Assets/_Root/Settings/Localization/Main_fr.asset using Guid(e91525a1eecf3ff4c8c4549a3b66a93a) Importer(815301076,1909f56bfc062723c751e8b465ee728b)  -> (artifact id: 'a84928ea8b7d0ff81952bdc844a9ba85') in 0.090676 seconds 
========================================================================
Received Import Request.
  Time since last request: 0.000446 seconds.
  path: Assets/_Root/Settings/Localization/Main.asset
  artifactKey: Guid(a8ddd2f110806db40b9afb2de3dd11b5) Importer(815301076,1909f56bfc062723c751e8b465ee728b)
Start importing Assets/_Root/Settings/Localization/Main.asset using Guid(a8ddd2f110806db40b9afb2de3dd11b5) Importer(815301076,1909f56bfc062723c751e8b465ee728b)  -> (artifact id: '860d7ea49601ccc0b1a7209486593122') in 0.342452 seconds 
========================================================================
Received Import Request.
  Time since last request: 0.000521 seconds.
  path: Assets/_Root/Settings/Localization/Russian (ru).asset
  artifactKey: Guid(a6a1d104d61dc4d41a7e70cb5f734753) Importer(815301076,1909f56bfc062723c751e8b465ee728b)
Start importing Assets/_Root/Settings/Localization/Russian (ru).asset using Guid(a6a1d104d61dc4d41a7e70cb5f734753) Importer(815301076,1909f56bfc062723c751e8b465ee728b)  -> (artifact id: '36e40aaca00db1febe506c9045daf0c6') in 0.233016 seconds 
========================================================================
Received Import Request.
  Time since last request: 0.190732 seconds.
  path: Assets/_Root/Settings/Localization/Main_ru.asset
  artifactKey: Guid(b70888470c48ad44bb693ae53e79ac07) Importer(815301076,1909f56bfc062723c751e8b465ee728b)
Start importing Assets/_Root/Settings/Localization/Main_ru.asset using Guid(b70888470c48ad44bb693ae53e79ac07) Importer(815301076,1909f56bfc062723c751e8b465ee728b)  -> (artifact id: '4b8ca15da173a934a3f300d64432b935') in 0.031884 seconds 
========================================================================
Received Import Request.
  Time since last request: 0.000726 seconds.
  path: Assets/_Root/Settings/Localization/Main_en.asset
  artifactKey: Guid(ea3d38df8c801ae46805a8ee4209fb5c) Importer(815301076,1909f56bfc062723c751e8b465ee728b)
Start importing Assets/_Root/Settings/Localization/Main_en.asset using Guid(ea3d38df8c801ae46805a8ee4209fb5c) Importer(815301076,1909f56bfc062723c751e8b465ee728b)  -> (artifact id: 'fe7cc05f434e86c83f82565278987708') in 0.037078 seconds 
========================================================================
Received Prepare
Registering precompiled user dll's ...
Registered in 0.294751 seconds.
Begin MonoManager ReloadAssembly
Native extension for WindowsStandalone target not found
Refreshing native plugins compatible for Editor in 1.92 ms, found 3 plugins.
Preloading 0 native plugins for Editor in 0.00 ms.
Mono: successfully reloaded assembly
- Completed reload, in  4.992 seconds
Platform modules already initialized, skipping
Switching build target platform(19) subTarget(0) extendedPlatform(0) -> platform(13) subTarget(589824) extendedPlatform(0)
Refreshing native plugins compatible for Editor in 1.48 ms, found 3 plugins.
Preloading 0 native plugins for Editor in 0.00 ms.
Unloading 3496 Unused Serialized files (Serialized files now loaded: 0)
System memory in use before: 137.2 MB.
System memory in use after: 137.4 MB.

Unloading 66 unused Assets to reduce memory usage. Loaded Objects now: 3976.
Total: 9.762600 ms (FindLiveObjects: 0.421200 ms CreateObjectMapping: 0.349700 ms MarkObjects: 8.948100 ms  DeleteObjects: 0.041700 ms)

AssetImportParameters requested are different than current active one (requested -> active):
  custom:graphics/normal-map-encoding: 01000000000000000000000000000000 -> 02000000000000000000000000000000
========================================================================
Received Prepare
Registering precompiled user dll's ...
Registered in 0.458670 seconds.
Begin MonoManager ReloadAssembly
Native extension for WindowsStandalone target not found
Refreshing native plugins compatible for Editor in 1.83 ms, found 3 plugins.
Preloading 0 native plugins for Editor in 0.00 ms.
Mono: successfully reloaded assembly
- Completed reload, in 15.515 seconds
Platform modules already initialized, skipping
Script is not up to date after domain reload: guid(cc80c1b06e9b4d2cabfbeab91cc68eef) path("Assets/_Root/Scripts/Tool/Localization/Examples/LocalizationWindowByCode.cs") state(2)
Switching build target platform(19) subTarget(0) extendedPlatform(0) -> platform(13) subTarget(589824) extendedPlatform(0)
Refreshing native plugins compatible for Editor in 2.00 ms, found 3 plugins.
Preloading 0 native plugins for Editor in 0.00 ms.
Unloading 3497 Unused Serialized files (Serialized files now loaded: 0)
System memory in use before: 137.2 MB.
System memory in use after: 137.5 MB.

Unloading 66 unused Assets to reduce memory usage. Loaded Objects now: 3980.
Total: 15.200400 ms (FindLiveObjects: 0.406900 ms CreateObjectMapping: 0.265400 ms MarkObjects: 14.468900 ms  DeleteObjects: 0.056400 ms)

AssetImportParameters requested are different than current active one (requested -> active):
  custom:graphics/normal-map-encoding: 01000000000000000000000000000000 -> 02000000000000000000000000000000
========================================================================
Received Prepare
Registering precompiled user dll's ...
Registered in 0.009784 seconds.
Begin MonoManager ReloadAssembly
Native extension for WindowsStandalone target not found
Refreshing native plugins compatible for Editor in 1.84 ms, found 3 plugins.
Preloading 0 native plugins for Editor in 0.00 ms.
Mono: successfully reloaded assembly
- Completed reload, in  3.314 seconds
Platform modules already initialized, skipping
Switching build target platform(19) subTarget(0) extendedPlatform(0) -> platform(13) subTarget(589824) extendedPlatform(0)
Refreshing native plugins compatible for Editor in 1.44 ms, found 3 plugins.
Preloading 0 native plugins for Editor in 0.00 ms.
Unloading 3498 Unused Serialized files (Serialized files now loaded: 0)
System memory in use before: 137.3 MB.
System memory in use after: 137.5 MB.

Unloading 66 unused Assets to reduce memory usage. Loaded Objects now: 3984.
Total: 10.517000 ms (FindLiveObjects: 0.330500 ms CreateObjectMapping: 0.201000 ms MarkObjects: 9.930200 ms  DeleteObjects: 0.052500 ms)

AssetImportParameters requested are different than current active one (requested -> active):
  custom:graphics/normal-map-encoding: 01000000000000000000000000000000 -> 02000000000000000000000000000000
========================================================================
Received Prepare
Registering precompiled user dll's ...
Registered in 0.007858 seconds.
Begin MonoManager ReloadAssembly
Native extension for WindowsStandalone target not found
Refreshing native plugins compatible for Editor in 1.43 ms, found 3 plugins.
Preloading 0 native plugins for Editor in 0.00 ms.
Mono: successfully reloaded assembly
- Completed reload, in  2.395 seconds
Platform modules already initialized, skipping
Switching build target platform(19) subTarget(0) extendedPlatform(0) -> platform(13) subTarget(589824) extendedPlatform(0)
Refreshing native plugins compatible for Editor in 2.33 ms, found 3 plugins.
Preloading 0 native plugins for Editor in 0.00 ms.
Unloading 3498 Unused Serialized files (Serialized files now loaded: 0)
System memory in use before: 137.3 MB.
System memory in use after: 137.6 MB.

Unloading 66 unused Assets to reduce memory usage. Loaded Objects now: 3987.
Total: 11.268500 ms (FindLiveObjects: 0.394800 ms CreateObjectMapping: 0.304400 ms MarkObjects: 10.517800 ms  DeleteObjects: 0.049100 ms)

AssetImportParameters requested are different than current active one (requested -> active):
  custom:graphics/normal-map-encoding: 01000000000000000000000000000000 -> 02000000000000000000000000000000
========================================================================
Received Import Request.
  Time since last request: 680.462706 seconds.
  path: Assets/_Root/Scenes/LocalizationByEvents.unity
  artifactKey: Guid(84a9ee2f1fb74b64296fee04eaf835da) Importer(815301076,1909f56bfc062723c751e8b465ee728b)
Start importing Assets/_Root/Scenes/LocalizationByEvents.unity using Guid(84a9ee2f1fb74b64296fee04eaf835da) Importer(815301076,1909f56bfc062723c751e8b465ee728b)  -> (artifact id: '7b99b52c821e012e2e284cd62dc31330') in 0.028662 seconds 
========================================================================
Received Import Request.
  Time since last request: 4.656832 seconds.
  path: Assets/_Root/Scenes/Notification.unity
  artifactKey: Guid(ef06d2e4794c4884288ab41b2b4e3655) Importer(815301076,1909f56bfc062723c751e8b465ee728b)
Start importing Assets/_Root/Scenes/Notification.unity using Guid(ef06d2e4794c4884288ab41b2b4e3655) Importer(815301076,1909f56bfc062723c751e8b465ee728b)  -> (artifact id: '66083a706ed6d41de449f35a1b3693b3') in 0.009583 seconds 
========================================================================
Received Prepare
Registering precompiled user dll's ...
Registered in 0.007314 seconds.
Begin MonoManager ReloadAssembly
Native extension for WindowsStandalone target not found
Refreshing native plugins compatible for Editor in 1.61 ms, found 3 plugins.
Preloading 0 native plugins for Editor in 0.00 ms.
Mono: successfully reloaded assembly
- Completed reload, in  2.525 seconds
Platform modules already initialized, skipping
Switching build target platform(19) subTarget(0) extendedPlatform(0) -> platform(13) subTarget(589824) extendedPlatform(0)
Refreshing native plugins compatible for Editor in 2.03 ms, found 3 plugins.
Preloading 0 native plugins for Editor in 0.00 ms.
Unloading 3498 Unused Serialized files (Serialized files now loaded: 0)
System memory in use before: 137.4 MB.
System memory in use after: 137.6 MB.

Unloading 66 unused Assets to reduce memory usage. Loaded Objects now: 3990.
Total: 11.406200 ms (FindLiveObjects: 0.570500 ms CreateObjectMapping: 0.404500 ms MarkObjects: 10.381100 ms  DeleteObjects: 0.047600 ms)

AssetImportParameters requested are different than current active one (requested -> active):
  custom:graphics/normal-map-encoding: 01000000000000000000000000000000 -> 02000000000000000000000000000000
========================================================================
Received Import Request.
  Time since last request: 770.915400 seconds.
  path: Assets/_Root/Scenes/LocalizationByCode.unity
  artifactKey: Guid(2537b359f9e66fb4ca249491f8b31c13) Importer(815301076,1909f56bfc062723c751e8b465ee728b)
Start importing Assets/_Root/Scenes/LocalizationByCode.unity using Guid(2537b359f9e66fb4ca249491f8b31c13) Importer(815301076,1909f56bfc062723c751e8b465ee728b)  -> (artifact id: 'f2a221e2e0b7e030034404e631029356') in 0.027139 seconds 
========================================================================
Received Prepare
Registering precompiled user dll's ...
Registered in 0.006129 seconds.
Begin MonoManager ReloadAssembly
Native extension for WindowsStandalone target not found
Refreshing native plugins compatible for Editor in 1.28 ms, found 3 plugins.
Preloading 0 native plugins for Editor in 0.00 ms.
Mono: successfully reloaded assembly
- Completed reload, in  2.181 seconds
Platform modules already initialized, skipping
Switching build target platform(19) subTarget(0) extendedPlatform(0) -> platform(13) subTarget(589824) extendedPlatform(0)
Refreshing native plugins compatible for Editor in 1.37 ms, found 3 plugins.
Preloading 0 native plugins for Editor in 0.00 ms.
Unloading 3498 Unused Serialized files (Serialized files now loaded: 0)
System memory in use before: 137.4 MB.
System memory in use after: 137.6 MB.

Unloading 66 unused Assets to reduce memory usage. Loaded Objects now: 3993.
Total: 10.656600 ms (FindLiveObjects: 0.330500 ms CreateObjectMapping: 0.229300 ms MarkObjects: 10.052100 ms  DeleteObjects: 0.042900 ms)

AssetImportParameters requested are different than current active one (requested -> active):
  custom:graphics/normal-map-encoding: 01000000000000000000000000000000 -> 02000000000000000000000000000000
========================================================================
Received Import Request.
  Time since last request: 1796.778718 seconds.
  path: Assets/_Root/Settings/Notifications/NotificationSettings.asset
  artifactKey: Guid(671c7795d196f864a8dc328771a11f33) Importer(815301076,1909f56bfc062723c751e8b465ee728b)
Start importing Assets/_Root/Settings/Notifications/NotificationSettings.asset using Guid(671c7795d196f864a8dc328771a11f33) Importer(815301076,1909f56bfc062723c751e8b465ee728b)  -> (artifact id: '352a5835f32c6a0391833bec02e5fbbb') in 0.075247 seconds 
========================================================================
Received Prepare
Refreshing native plugins compatible for Editor in 370.14 ms, found 3 plugins.
Preloading 0 native plugins for Editor in 0.00 ms.
Unloading 64 Unused Serialized files (Serialized files now loaded: 0)
System memory in use before: 69.7 MB.
System memory in use after: 70.0 MB.

Unloading 64 unused Assets to reduce memory usage. Loaded Objects now: 3993.
Total: 31.252700 ms (FindLiveObjects: 4.449100 ms CreateObjectMapping: 1.000000 ms MarkObjects: 25.684900 ms  DeleteObjects: 0.114500 ms)

