Using pre-set license
Built from '2021.1/staging' branch; Version is '2021.1.5f1 (3737af19df53) revision 3618735'; Using compiler version '192528614'; Build Type 'Release'
OS: 'Windows 10 Pro; OS build 19042.1348; Version 2009; 64bit' Language: 'ru' Physical Memory: 8149 MB
BatchMode: 1, IsHumanControllingUs: 0, StartBugReporterOnCrash: 0, Is64bit: 1, IsPro: 0

 COMMAND LINE ARGUMENTS:
E:\Revina\2021.1.5f1\Editor\Unity.exe
-adb2
-batchMode
-noUpm
-name
AssetImportWorker0
-projectPath
D:/UnityEducation/CarGameMobile2D/CarGameMobile/CarGameMobile_End
-logFile
Logs/AssetImportWorker0.log
-srvPort
56826
Successfully changed project path to: D:/UnityEducation/CarGameMobile2D/CarGameMobile/CarGameMobile_End
D:/UnityEducation/CarGameMobile2D/CarGameMobile/CarGameMobile_End
Using Asset Import Pipeline V2.
Refreshing native plugins compatible for Editor in 99.27 ms, found 3 plugins.
Preloading 0 native plugins for Editor in 0.00 ms.
Initialize engine version: 2021.1.5f1 (3737af19df53)
[Subsystems] Discovering subsystems at path E:/Revina/2021.1.5f1/Editor/Data/Resources/UnitySubsystems
[Subsystems] Discovering subsystems at path D:/UnityEducation/CarGameMobile2D/CarGameMobile/CarGameMobile_End/Assets
GfxDevice: creating device client; threaded=0; jobified=0
Direct3D:
    Version:  Direct3D 11.0 [level 11.1]
    Renderer: NVIDIA GeForce GTX 960 (ID=0x1401)
    Vendor:   NVIDIA
    VRAM:     2007 MB
    Driver:   27.21.14.5671
Initialize mono
Mono path[0] = 'E:/Revina/2021.1.5f1/Editor/Data/Managed'
Mono path[1] = 'E:/Revina/2021.1.5f1/Editor/Data/MonoBleedingEdge/lib/mono/unityjit'
Mono config path = 'E:/Revina/2021.1.5f1/Editor/Data/MonoBleedingEdge/etc'
Using monoOptions --debugger-agent=transport=dt_socket,embedding=1,server=y,suspend=n,address=127.0.0.1:56136
Begin MonoManager ReloadAssembly
Registering precompiled unity dll's ...
Register platform support module: E:/Revina/2021.1.5f1/Editor/Data/PlaybackEngines/WindowsStandaloneSupport/UnityEditor.WindowsStandalone.Extensions.dll
Registered in 0.001850 seconds.
Native extension for WindowsStandalone target not found
Refreshing native plugins compatible for Editor in 89.63 ms, found 3 plugins.
Preloading 0 native plugins for Editor in 0.00 ms.
Mono: successfully reloaded assembly
- Completed reload, in  2.933 seconds
Platform modules already initialized, skipping
Registering precompiled user dll's ...
Registered in 0.009867 seconds.
Begin MonoManager ReloadAssembly
Native extension for WindowsStandalone target not found
Refreshing native plugins compatible for Editor in 83.16 ms, found 3 plugins.
Preloading 0 native plugins for Editor in 0.00 ms.
Mono: successfully reloaded assembly
- Completed reload, in  2.299 seconds
Platform modules already initialized, skipping
========================================================================
Worker process is ready to serve import requests
Launched and connected shader compiler UnityShaderCompiler.exe after 0.06 seconds
Refreshing native plugins compatible for Editor in 1.19 ms, found 3 plugins.
Preloading 0 native plugins for Editor in 0.00 ms.
Unloading 2465 Unused Serialized files (Serialized files now loaded: 0)
System memory in use before: 104.2 MB.
System memory in use after: 104.4 MB.

Unloading 73 unused Assets to reduce memory usage. Loaded Objects now: 2872.
Total: 13.294300 ms (FindLiveObjects: 0.405800 ms CreateObjectMapping: 0.279400 ms MarkObjects: 12.495700 ms  DeleteObjects: 0.110900 ms)

========================================================================
Received Import Request.
  path: Assets/_Root/Resources/Prefabs/background.prefab
  artifactKey: Guid(fc5d978739b1ef048bfa075070aeba34) Importer(815301076,1909f56bfc062723c751e8b465ee728b)
Start importing Assets/_Root/Resources/Prefabs/background.prefab using Guid(fc5d978739b1ef048bfa075070aeba34) Importer(815301076,1909f56bfc062723c751e8b465ee728b)  -> (artifact id: 'dc8b17b81512c61567291558f47b5e29') in 0.345762 seconds 
========================================================================
Received Import Request.
  Time since last request: 0.000335 seconds.
  path: Assets/_Root/Resources
  artifactKey: Guid(49312fd2cc1794538a771d699ce72b25) Importer(815301076,1909f56bfc062723c751e8b465ee728b)
Start importing Assets/_Root/Resources using Guid(49312fd2cc1794538a771d699ce72b25) Importer(815301076,1909f56bfc062723c751e8b465ee728b)  -> (artifact id: '1e8d4863fe8b92eadf377df09110c995') in 0.008411 seconds 
========================================================================
Received Import Request.
  Time since last request: 0.000307 seconds.
  path: Assets/_Root/Scripts
  artifactKey: Guid(64d20e8fb61b247a395db886d249ecfc) Importer(815301076,1909f56bfc062723c751e8b465ee728b)
Start importing Assets/_Root/Scripts using Guid(64d20e8fb61b247a395db886d249ecfc) Importer(815301076,1909f56bfc062723c751e8b465ee728b)  -> (artifact id: 'cc04d75bd6ca9f6892bdd01545a4fe1d') in 0.009629 seconds 
========================================================================
Received Import Request.
  Time since last request: 0.000291 seconds.
  path: Assets/_Root/Resources/Prefabs/MobileSingleStickControl.prefab
  artifactKey: Guid(63801ae6f5b8948a0b63a791d68c8627) Importer(815301076,1909f56bfc062723c751e8b465ee728b)
Start importing Assets/_Root/Resources/Prefabs/MobileSingleStickControl.prefab using Guid(63801ae6f5b8948a0b63a791d68c8627) Importer(815301076,1909f56bfc062723c751e8b465ee728b)  -> (artifact id: 'b34e8a439cfd15b27f054e4cc0da35d4') in 0.046649 seconds 
========================================================================
Received Import Request.
  Time since last request: 0.000546 seconds.
  path: Assets/_Root/Resources/Prefabs/endlessMove.prefab
  artifactKey: Guid(f2bd873027e9fc54f92644eae49e252d) Importer(815301076,1909f56bfc062723c751e8b465ee728b)
Start importing Assets/_Root/Resources/Prefabs/endlessMove.prefab using Guid(f2bd873027e9fc54f92644eae49e252d) Importer(815301076,1909f56bfc062723c751e8b465ee728b)  -> (artifact id: 'bbeb95b57adebcec9d844b1668ae9789') in 0.014186 seconds 
========================================================================
Received Import Request.
  Time since last request: 0.000342 seconds.
  path: Assets/_Root/Resources/Prefabs/CannonBomb.prefab
  artifactKey: Guid(44eb27282cac35e4bbc56d3fd9cc795e) Importer(815301076,1909f56bfc062723c751e8b465ee728b)
Start importing Assets/_Root/Resources/Prefabs/CannonBomb.prefab using Guid(44eb27282cac35e4bbc56d3fd9cc795e) Importer(815301076,1909f56bfc062723c751e8b465ee728b)  -> (artifact id: '0176e1be43bb7c33f324eb8afbc56f38') in 0.020396 seconds 
========================================================================
Received Import Request.
  Time since last request: 0.000293 seconds.
  path: Assets/_Root/Resources/Prefabs/Car.prefab
  artifactKey: Guid(33b765fecc0a5e84d8c2a5aee1c58341) Importer(815301076,1909f56bfc062723c751e8b465ee728b)
Start importing Assets/_Root/Resources/Prefabs/Car.prefab using Guid(33b765fecc0a5e84d8c2a5aee1c58341) Importer(815301076,1909f56bfc062723c751e8b465ee728b)  -> (artifact id: '2361052335515a2adabd4e3596b82531') in 0.024952 seconds 
========================================================================
Received Import Request.
  Time since last request: 0.000299 seconds.
  path: Assets/_Root/Resources/Prefabs
  artifactKey: Guid(f3b1601e5f6f5fc4bba6930a1520383c) Importer(815301076,1909f56bfc062723c751e8b465ee728b)
Start importing Assets/_Root/Resources/Prefabs using Guid(f3b1601e5f6f5fc4bba6930a1520383c) Importer(815301076,1909f56bfc062723c751e8b465ee728b)  -> (artifact id: '78145af24f864e3d51e6cfd3839166c9') in 0.008433 seconds 
========================================================================
Received Import Request.
  Time since last request: 0.000279 seconds.
  path: Assets/_Root
  artifactKey: Guid(b42e90b78b42044e89b5eef34b6ec64e) Importer(815301076,1909f56bfc062723c751e8b465ee728b)
Start importing Assets/_Root using Guid(b42e90b78b42044e89b5eef34b6ec64e) Importer(815301076,1909f56bfc062723c751e8b465ee728b)  -> (artifact id: '908408959e00a71ec36bf921768379f1') in 0.008562 seconds 
========================================================================
Received Import Request.
  Time since last request: 0.000297 seconds.
  path: Assets/_Root/Resources/Prefabs/mainMenu.prefab
  artifactKey: Guid(f73b5ceaabd6ca94b894ab0f3d4f7577) Importer(815301076,1909f56bfc062723c751e8b465ee728b)
Start importing Assets/_Root/Resources/Prefabs/mainMenu.prefab using Guid(f73b5ceaabd6ca94b894ab0f3d4f7577) Importer(815301076,1909f56bfc062723c751e8b465ee728b)  -> (artifact id: 'aa823c80d2672c46002df50065412ae8') in 0.025087 seconds 
========================================================================
Received Import Request.
  Time since last request: 5.338489 seconds.
  path: Assets/_Root/Scenes
  artifactKey: Guid(ca9dc3157c2534a7a8f3096697341d0c) Importer(815301076,1909f56bfc062723c751e8b465ee728b)
Start importing Assets/_Root/Scenes using Guid(ca9dc3157c2534a7a8f3096697341d0c) Importer(815301076,1909f56bfc062723c751e8b465ee728b)  -> (artifact id: '8b33d2716fb3405b7693f6c40b293ac4') in 0.011677 seconds 
========================================================================
Received Import Request.
  Time since last request: 0.696252 seconds.
  path: Assets/_Root/Scenes/Game.unity
  artifactKey: Guid(9777d1fd47edc45d98cb2b1251d702e7) Importer(815301076,1909f56bfc062723c751e8b465ee728b)
Start importing Assets/_Root/Scenes/Game.unity using Guid(9777d1fd47edc45d98cb2b1251d702e7) Importer(815301076,1909f56bfc062723c751e8b465ee728b)  -> (artifact id: '8a88dbc869a3528340cf4616e21fcc5b') in 0.013823 seconds 
