Using pre-set license
Built from '2021.1/staging' branch; Version is '2021.1.5f1 (3737af19df53) revision 3618735'; Using compiler version '192528614'; Build Type 'Release'
OS: 'Windows 10 Pro; OS build 19042.1348; Version 2009; 64bit' Language: 'ru' Physical Memory: 8149 MB
BatchMode: 1, IsHumanControllingUs: 0, StartBugReporterOnCrash: 0, Is64bit: 1, IsPro: 0

 COMMAND LINE ARGUMENTS:
E:\Revina\2021.1.5f1\Editor\Unity.exe
-adb2
-batchMode
-noUpm
-name
AssetImportWorker29
-projectPath
D:/UnityEducation/CarGameMobile2D/CarGameMobile/CarGameMobile_End
-logFile
Logs/AssetImportWorker29.log
-srvPort
54306
Successfully changed project path to: D:/UnityEducation/CarGameMobile2D/CarGameMobile/CarGameMobile_End
D:/UnityEducation/CarGameMobile2D/CarGameMobile/CarGameMobile_End
Using Asset Import Pipeline V2.
Refreshing native plugins compatible for Editor in 126.66 ms, found 3 plugins.
Preloading 0 native plugins for Editor in 0.00 ms.
Initialize engine version: 2021.1.5f1 (3737af19df53)
[Subsystems] Discovering subsystems at path E:/Revina/2021.1.5f1/Editor/Data/Resources/UnitySubsystems
[Subsystems] Discovering subsystems at path D:/UnityEducation/CarGameMobile2D/CarGameMobile/CarGameMobile_End/Assets
GfxDevice: creating device client; threaded=0; jobified=0
Direct3D:
    Version:  Direct3D 11.0 [level 11.1]
    Renderer: NVIDIA GeForce GTX 960 (ID=0x1401)
    Vendor:   NVIDIA
    VRAM:     2007 MB
    Driver:   27.21.14.5671
Initialize mono
Mono path[0] = 'E:/Revina/2021.1.5f1/Editor/Data/Managed'
Mono path[1] = 'E:/Revina/2021.1.5f1/Editor/Data/MonoBleedingEdge/lib/mono/unityjit'
Mono config path = 'E:/Revina/2021.1.5f1/Editor/Data/MonoBleedingEdge/etc'
Using monoOptions --debugger-agent=transport=dt_socket,embedding=1,server=y,suspend=n,address=127.0.0.1:56664
Begin MonoManager ReloadAssembly
Registering precompiled unity dll's ...
Register platform support module: E:/Revina/2021.1.5f1/Editor/Data/PlaybackEngines/WindowsStandaloneSupport/UnityEditor.WindowsStandalone.Extensions.dll
Registered in 0.001593 seconds.
Native extension for WindowsStandalone target not found
Refreshing native plugins compatible for Editor in 197.26 ms, found 3 plugins.
Preloading 0 native plugins for Editor in 0.00 ms.
Mono: successfully reloaded assembly
- Completed reload, in  2.940 seconds
Platform modules already initialized, skipping
Registering precompiled user dll's ...
Registered in 0.006165 seconds.
Begin MonoManager ReloadAssembly
Native extension for WindowsStandalone target not found
Refreshing native plugins compatible for Editor in 114.08 ms, found 3 plugins.
Preloading 0 native plugins for Editor in 0.00 ms.
RefreshInfo: StopAssetImportingV2(NoUpdateAssetOptions) scanfilter: 
RefreshProfiler: Total: 0.000ms
RefreshInfo: StopAssetImportingV2(NoUpdateAssetOptions) scanfilter: 
RefreshProfiler: Total: 0.000ms
Mono: successfully reloaded assembly
- Completed reload, in  5.574 seconds
Platform modules already initialized, skipping
========================================================================
Worker process is ready to serve import requests
Launched and connected shader compiler UnityShaderCompiler.exe after 0.26 seconds
Refreshing native plugins compatible for Editor in 1.18 ms, found 3 plugins.
Preloading 0 native plugins for Editor in 0.00 ms.
Unloading 4 Unused Serialized files (Serialized files now loaded: 0)
System memory in use before: 68.4 MB.
System memory in use after: 68.6 MB.

Unloading 97 unused Assets to reduce memory usage. Loaded Objects now: 3987.
Total: 9.119500 ms (FindLiveObjects: 0.370800 ms CreateObjectMapping: 0.305200 ms MarkObjects: 8.311500 ms  DeleteObjects: 0.130300 ms)

========================================================================
Received Import Request.
  path: Assets/_Root/Settings/Localization/MainMenu/MainMenuLocalization_ru.asset
  artifactKey: Guid(837217b7420b54a4cb793367efa3ce80) Importer(815301076,1909f56bfc062723c751e8b465ee728b)
Start importing Assets/_Root/Settings/Localization/MainMenu/MainMenuLocalization_ru.asset using Guid(837217b7420b54a4cb793367efa3ce80) Importer(815301076,1909f56bfc062723c751e8b465ee728b)  -> (artifact id: 'f3ed0b30a600f2b092a23c1a3c6d9e11') in 0.064809 seconds 
========================================================================
Received Import Request.
  Time since last request: 0.000299 seconds.
  path: Assets/_Root/Settings/Localization/MainMenu/MainMenuAssetsLocalization.asset
  artifactKey: Guid(21b59753189ca8140aed918c11d24d77) Importer(815301076,1909f56bfc062723c751e8b465ee728b)
Start importing Assets/_Root/Settings/Localization/MainMenu/MainMenuAssetsLocalization.asset using Guid(21b59753189ca8140aed918c11d24d77) Importer(815301076,1909f56bfc062723c751e8b465ee728b)  -> (artifact id: '8987320dd5cec316423beca25ce9258b') in 0.014335 seconds 
========================================================================
Received Import Request.
  Time since last request: 0.000381 seconds.
  path: Assets/_Root/Settings/Localization/MainMenu/MainMenuLocalization.asset
  artifactKey: Guid(c1c0b10fe6eff2d4b93a3a2391d1f6aa) Importer(815301076,1909f56bfc062723c751e8b465ee728b)
Start importing Assets/_Root/Settings/Localization/MainMenu/MainMenuLocalization.asset using Guid(c1c0b10fe6eff2d4b93a3a2391d1f6aa) Importer(815301076,1909f56bfc062723c751e8b465ee728b)  -> (artifact id: '9a7897eade9c6f154fd336f55d6d4263') in 0.018022 seconds 
========================================================================
Received Import Request.
  Time since last request: 0.000389 seconds.
  path: Assets/_Root/Settings/Localization/MainMenu/MainMenuAssetsLocalization_en.asset
  artifactKey: Guid(65c87794f09dd754a9adc543e6b5e0c7) Importer(815301076,1909f56bfc062723c751e8b465ee728b)
Start importing Assets/_Root/Settings/Localization/MainMenu/MainMenuAssetsLocalization_en.asset using Guid(65c87794f09dd754a9adc543e6b5e0c7) Importer(815301076,1909f56bfc062723c751e8b465ee728b)  -> (artifact id: 'a908bce37a3a9118fec8b6c4dd9dd08f') in 0.013765 seconds 
========================================================================
Received Import Request.
  Time since last request: 0.000307 seconds.
  path: Assets/AddressableAssetsData/AddressableAssetSettings.asset
  artifactKey: Guid(fa2e5666e51483842b87910f7096035f) Importer(815301076,1909f56bfc062723c751e8b465ee728b)
Start importing Assets/AddressableAssetsData/AddressableAssetSettings.asset using Guid(fa2e5666e51483842b87910f7096035f) Importer(815301076,1909f56bfc062723c751e8b465ee728b)  -> (artifact id: 'b9383641b0a037f4a7f5ae8864fc8f83') in 0.018557 seconds 
========================================================================
Received Import Request.
  Time since last request: 0.000353 seconds.
  path: Assets/_Root/Settings/Localization/MainMenu/MainMenuLocalization Shared Data.asset
  artifactKey: Guid(f82046c15042ca64ba9768e884f652f3) Importer(815301076,1909f56bfc062723c751e8b465ee728b)
Start importing Assets/_Root/Settings/Localization/MainMenu/MainMenuLocalization Shared Data.asset using Guid(f82046c15042ca64ba9768e884f652f3) Importer(815301076,1909f56bfc062723c751e8b465ee728b)  -> (artifact id: 'd1a4408062e6cffaf3812594a49327fe') in 0.008360 seconds 
========================================================================
Received Import Request.
  Time since last request: 0.000305 seconds.
  path: Assets/_Root/Settings/Localization/MainMenu/MainMenuLocalization_en.asset
  artifactKey: Guid(7579ba75ce6685e41bbf97bb60d7aaaf) Importer(815301076,1909f56bfc062723c751e8b465ee728b)
Start importing Assets/_Root/Settings/Localization/MainMenu/MainMenuLocalization_en.asset using Guid(7579ba75ce6685e41bbf97bb60d7aaaf) Importer(815301076,1909f56bfc062723c751e8b465ee728b)  -> (artifact id: '46d4581ae0e214220d8f55baf7f75576') in 0.011243 seconds 
========================================================================
Received Import Request.
  Time since last request: 0.000381 seconds.
  path: Assets/_Root/Settings/Localization/MainMenu/MainMenuAssetsLocalization_ru.asset
  artifactKey: Guid(5e56d4032984adf41976d57e57ee835c) Importer(815301076,1909f56bfc062723c751e8b465ee728b)
Start importing Assets/_Root/Settings/Localization/MainMenu/MainMenuAssetsLocalization_ru.asset using Guid(5e56d4032984adf41976d57e57ee835c) Importer(815301076,1909f56bfc062723c751e8b465ee728b)  -> (artifact id: '2d632622f001e93dfe6e58988178c386') in 0.039849 seconds 
========================================================================
Received Import Request.
  Time since last request: 0.000350 seconds.
  path: Assets/_Root/Settings/Localization/MainMenu/MainMenuAssetsLocalization Shared Data.asset
  artifactKey: Guid(3808a50a26148874fb8f063181e37e65) Importer(815301076,1909f56bfc062723c751e8b465ee728b)
Start importing Assets/_Root/Settings/Localization/MainMenu/MainMenuAssetsLocalization Shared Data.asset using Guid(3808a50a26148874fb8f063181e37e65) Importer(815301076,1909f56bfc062723c751e8b465ee728b)  -> (artifact id: '16e39092663f1790150a5a5c7fc7ce9c') in 0.009204 seconds 
========================================================================
Received Import Request.
  Time since last request: 127.244058 seconds.
  path: Assets/_Root/Scenes/LocalizationByEvents.unity
  artifactKey: Guid(84a9ee2f1fb74b64296fee04eaf835da) Importer(815301076,1909f56bfc062723c751e8b465ee728b)
Start importing Assets/_Root/Scenes/LocalizationByEvents.unity using Guid(84a9ee2f1fb74b64296fee04eaf835da) Importer(815301076,1909f56bfc062723c751e8b465ee728b)  -> (artifact id: 'c44aa441dd4c42a020d7b1607c058a93') in 0.009412 seconds 
========================================================================
Received Import Request.
  Time since last request: 0.328844 seconds.
  path: Assets/_Root/Scenes/LocalizationByCode.unity
  artifactKey: Guid(2537b359f9e66fb4ca249491f8b31c13) Importer(815301076,1909f56bfc062723c751e8b465ee728b)
Start importing Assets/_Root/Scenes/LocalizationByCode.unity using Guid(2537b359f9e66fb4ca249491f8b31c13) Importer(815301076,1909f56bfc062723c751e8b465ee728b)  -> (artifact id: '4900da70e1d37e2513b340ab0d52b30e') in 0.014392 seconds 
========================================================================
Received Import Request.
  Time since last request: 224.856733 seconds.
  path: Assets/_Root/Resources/Prefabs/MainMenu.prefab
  artifactKey: Guid(ae09567882100b2418858c9395202716) Importer(815301076,1909f56bfc062723c751e8b465ee728b)
Start importing Assets/_Root/Resources/Prefabs/MainMenu.prefab using Guid(ae09567882100b2418858c9395202716) Importer(815301076,1909f56bfc062723c751e8b465ee728b)  -> (artifact id: '295cdfffd4b1bb2ddbf5614941e0ccdc') in 0.244243 seconds 
========================================================================
Received Prepare
Registering precompiled user dll's ...
Registered in 0.005639 seconds.
Begin MonoManager ReloadAssembly
Native extension for WindowsStandalone target not found
Refreshing native plugins compatible for Editor in 1.30 ms, found 3 plugins.
Preloading 0 native plugins for Editor in 0.00 ms.
Mono: successfully reloaded assembly
- Completed reload, in  1.900 seconds
Platform modules already initialized, skipping
Switching build target platform(19) subTarget(0) extendedPlatform(0) -> platform(13) subTarget(589824) extendedPlatform(0)
Refreshing native plugins compatible for Editor in 1.24 ms, found 3 plugins.
Preloading 0 native plugins for Editor in 0.00 ms.
Unloading 3502 Unused Serialized files (Serialized files now loaded: 0)
System memory in use before: 137.3 MB.
System memory in use after: 137.6 MB.

Unloading 66 unused Assets to reduce memory usage. Loaded Objects now: 3994.
Total: 8.712300 ms (FindLiveObjects: 0.286500 ms CreateObjectMapping: 0.157100 ms MarkObjects: 8.229100 ms  DeleteObjects: 0.037600 ms)

AssetImportParameters requested are different than current active one (requested -> active):
  custom:graphics/normal-map-encoding: 01000000000000000000000000000000 -> 02000000000000000000000000000000
========================================================================
Received Import Request.
  Time since last request: 116.330401 seconds.
  path: Assets/_Root/Resources/Prefabs/MainMenu.prefab
  artifactKey: Guid(ae09567882100b2418858c9395202716) Importer(815301076,1909f56bfc062723c751e8b465ee728b)
Start importing Assets/_Root/Resources/Prefabs/MainMenu.prefab using Guid(ae09567882100b2418858c9395202716) Importer(815301076,1909f56bfc062723c751e8b465ee728b)  -> (artifact id: '9d0c1b03892bb3d7e013f1028cf7abbc') in 0.144220 seconds 
========================================================================
Received Prepare
Registering precompiled user dll's ...
Registered in 0.007776 seconds.
Begin MonoManager ReloadAssembly
Native extension for WindowsStandalone target not found
Refreshing native plugins compatible for Editor in 1.73 ms, found 3 plugins.
Preloading 0 native plugins for Editor in 0.00 ms.
Mono: successfully reloaded assembly
- Completed reload, in  3.033 seconds
Platform modules already initialized, skipping
Switching build target platform(19) subTarget(0) extendedPlatform(0) -> platform(13) subTarget(589824) extendedPlatform(0)
Refreshing native plugins compatible for Editor in 1.28 ms, found 3 plugins.
Preloading 0 native plugins for Editor in 0.00 ms.
Unloading 3498 Unused Serialized files (Serialized files now loaded: 0)
System memory in use before: 137.3 MB.
System memory in use after: 137.6 MB.

Unloading 66 unused Assets to reduce memory usage. Loaded Objects now: 3997.
Total: 8.879700 ms (FindLiveObjects: 0.332200 ms CreateObjectMapping: 0.210200 ms MarkObjects: 8.299300 ms  DeleteObjects: 0.036400 ms)

AssetImportParameters requested are different than current active one (requested -> active):
  custom:graphics/normal-map-encoding: 01000000000000000000000000000000 -> 02000000000000000000000000000000
========================================================================
Received Prepare
Registering precompiled user dll's ...
Registered in 0.006740 seconds.
Begin MonoManager ReloadAssembly
Native extension for WindowsStandalone target not found
Refreshing native plugins compatible for Editor in 1.43 ms, found 3 plugins.
Preloading 0 native plugins for Editor in 0.00 ms.
Mono: successfully reloaded assembly
- Completed reload, in  2.183 seconds
Platform modules already initialized, skipping
Switching build target platform(19) subTarget(0) extendedPlatform(0) -> platform(13) subTarget(589824) extendedPlatform(0)
Refreshing native plugins compatible for Editor in 1.40 ms, found 3 plugins.
Preloading 0 native plugins for Editor in 0.00 ms.
Unloading 3498 Unused Serialized files (Serialized files now loaded: 0)
System memory in use before: 137.4 MB.
System memory in use after: 137.6 MB.

Unloading 66 unused Assets to reduce memory usage. Loaded Objects now: 4000.
Total: 9.681200 ms (FindLiveObjects: 0.355900 ms CreateObjectMapping: 0.293800 ms MarkObjects: 8.984100 ms  DeleteObjects: 0.045500 ms)

AssetImportParameters requested are different than current active one (requested -> active):
  custom:graphics/normal-map-encoding: 01000000000000000000000000000000 -> 02000000000000000000000000000000
========================================================================
Received Prepare
Registering precompiled user dll's ...
Registered in 0.006583 seconds.
Begin MonoManager ReloadAssembly
Native extension for WindowsStandalone target not found
Refreshing native plugins compatible for Editor in 1.76 ms, found 3 plugins.
Preloading 0 native plugins for Editor in 0.00 ms.
Mono: successfully reloaded assembly
- Completed reload, in  2.917 seconds
Platform modules already initialized, skipping
Switching build target platform(19) subTarget(0) extendedPlatform(0) -> platform(13) subTarget(589824) extendedPlatform(0)
Refreshing native plugins compatible for Editor in 1.71 ms, found 3 plugins.
Preloading 0 native plugins for Editor in 0.00 ms.
Unloading 3498 Unused Serialized files (Serialized files now loaded: 0)
System memory in use before: 137.4 MB.
System memory in use after: 137.6 MB.

Unloading 66 unused Assets to reduce memory usage. Loaded Objects now: 4003.
Total: 19.671200 ms (FindLiveObjects: 0.432300 ms CreateObjectMapping: 1.462300 ms MarkObjects: 17.719500 ms  DeleteObjects: 0.054300 ms)

AssetImportParameters requested are different than current active one (requested -> active):
  custom:graphics/normal-map-encoding: 01000000000000000000000000000000 -> 02000000000000000000000000000000
========================================================================
Received Import Request.
  Time since last request: 221.513504 seconds.
  path: Assets/_Root/Resources/Prefabs/MainMenu.prefab
  artifactKey: Guid(ae09567882100b2418858c9395202716) Importer(815301076,1909f56bfc062723c751e8b465ee728b)
Start importing Assets/_Root/Resources/Prefabs/MainMenu.prefab using Guid(ae09567882100b2418858c9395202716) Importer(815301076,1909f56bfc062723c751e8b465ee728b)  -> (artifact id: '0435d0ddb70dfd547031153db257fa35') in 0.173412 seconds 
========================================================================
Received Prepare
Registering precompiled user dll's ...
Registered in 0.007465 seconds.
Begin MonoManager ReloadAssembly
Native extension for WindowsStandalone target not found
Refreshing native plugins compatible for Editor in 1.46 ms, found 3 plugins.
Preloading 0 native plugins for Editor in 0.00 ms.
Mono: successfully reloaded assembly
- Completed reload, in  2.312 seconds
Platform modules already initialized, skipping
Switching build target platform(19) subTarget(0) extendedPlatform(0) -> platform(13) subTarget(589824) extendedPlatform(0)
Refreshing native plugins compatible for Editor in 1.94 ms, found 3 plugins.
Preloading 0 native plugins for Editor in 0.00 ms.
Unloading 3498 Unused Serialized files (Serialized files now loaded: 0)
System memory in use before: 137.4 MB.
System memory in use after: 137.6 MB.

Unloading 66 unused Assets to reduce memory usage. Loaded Objects now: 4006.
Total: 11.940800 ms (FindLiveObjects: 0.461300 ms CreateObjectMapping: 0.402700 ms MarkObjects: 11.031000 ms  DeleteObjects: 0.043600 ms)

AssetImportParameters requested are different than current active one (requested -> active):
  custom:graphics/normal-map-encoding: 01000000000000000000000000000000 -> 02000000000000000000000000000000
========================================================================
Received Prepare
Registering precompiled user dll's ...
Registered in 0.008611 seconds.
Begin MonoManager ReloadAssembly
Native extension for WindowsStandalone target not found
Refreshing native plugins compatible for Editor in 1.63 ms, found 3 plugins.
Preloading 0 native plugins for Editor in 0.00 ms.
Mono: successfully reloaded assembly
- Completed reload, in  3.289 seconds
Platform modules already initialized, skipping
Switching build target platform(19) subTarget(0) extendedPlatform(0) -> platform(13) subTarget(589824) extendedPlatform(0)
Refreshing native plugins compatible for Editor in 1.86 ms, found 3 plugins.
Preloading 0 native plugins for Editor in 0.00 ms.
Unloading 3498 Unused Serialized files (Serialized files now loaded: 0)
System memory in use before: 137.4 MB.
System memory in use after: 137.7 MB.

Unloading 66 unused Assets to reduce memory usage. Loaded Objects now: 4009.
Total: 12.782300 ms (FindLiveObjects: 0.481900 ms CreateObjectMapping: 0.394300 ms MarkObjects: 11.852800 ms  DeleteObjects: 0.050800 ms)

AssetImportParameters requested are different than current active one (requested -> active):
  custom:graphics/normal-map-encoding: 01000000000000000000000000000000 -> 02000000000000000000000000000000
========================================================================
Received Prepare
Registering precompiled user dll's ...
Registered in 0.007856 seconds.
Begin MonoManager ReloadAssembly
Native extension for WindowsStandalone target not found
Refreshing native plugins compatible for Editor in 1.40 ms, found 3 plugins.
Preloading 0 native plugins for Editor in 0.00 ms.
Mono: successfully reloaded assembly
- Completed reload, in  2.445 seconds
Platform modules already initialized, skipping
Switching build target platform(19) subTarget(0) extendedPlatform(0) -> platform(13) subTarget(589824) extendedPlatform(0)
Refreshing native plugins compatible for Editor in 1.40 ms, found 3 plugins.
Preloading 0 native plugins for Editor in 0.00 ms.
Unloading 3498 Unused Serialized files (Serialized files now loaded: 0)
System memory in use before: 137.4 MB.
System memory in use after: 137.7 MB.

Unloading 66 unused Assets to reduce memory usage. Loaded Objects now: 4012.
Total: 10.304000 ms (FindLiveObjects: 0.382800 ms CreateObjectMapping: 0.332600 ms MarkObjects: 9.542800 ms  DeleteObjects: 0.044000 ms)

AssetImportParameters requested are different than current active one (requested -> active):
  custom:graphics/normal-map-encoding: 01000000000000000000000000000000 -> 02000000000000000000000000000000
========================================================================
Received Import Request.
  Time since last request: 330.751400 seconds.
  path: Assets/AddressableAssetsData/AddressableAssetSettings.asset
  artifactKey: Guid(fa2e5666e51483842b87910f7096035f) Importer(815301076,1909f56bfc062723c751e8b465ee728b)
Start importing Assets/AddressableAssetsData/AddressableAssetSettings.asset using Guid(fa2e5666e51483842b87910f7096035f) Importer(815301076,1909f56bfc062723c751e8b465ee728b)  -> (artifact id: '0fea27cbad602858e7ef8fe9e1997cc3') in 0.047762 seconds 
========================================================================
Received Prepare
Registering precompiled user dll's ...
Registered in 0.007413 seconds.
Begin MonoManager ReloadAssembly
Native extension for WindowsStandalone target not found
Refreshing native plugins compatible for Editor in 1.36 ms, found 3 plugins.
Preloading 0 native plugins for Editor in 0.00 ms.
Mono: successfully reloaded assembly
- Completed reload, in  2.030 seconds
Platform modules already initialized, skipping
Switching build target platform(19) subTarget(0) extendedPlatform(0) -> platform(13) subTarget(589824) extendedPlatform(0)
Refreshing native plugins compatible for Editor in 1.27 ms, found 3 plugins.
Preloading 0 native plugins for Editor in 0.00 ms.
Unloading 3499 Unused Serialized files (Serialized files now loaded: 0)
System memory in use before: 137.5 MB.
System memory in use after: 137.7 MB.

Unloading 66 unused Assets to reduce memory usage. Loaded Objects now: 4016.
Total: 9.221400 ms (FindLiveObjects: 0.351700 ms CreateObjectMapping: 0.300600 ms MarkObjects: 8.531200 ms  DeleteObjects: 0.035900 ms)

AssetImportParameters requested are different than current active one (requested -> active):
  custom:graphics/normal-map-encoding: 01000000000000000000000000000000 -> 02000000000000000000000000000000
========================================================================
Received Prepare
Registering precompiled user dll's ...
Registered in 0.006978 seconds.
Begin MonoManager ReloadAssembly
Native extension for WindowsStandalone target not found
Refreshing native plugins compatible for Editor in 1.72 ms, found 3 plugins.
Preloading 0 native plugins for Editor in 0.00 ms.
Mono: successfully reloaded assembly
- Completed reload, in  2.141 seconds
Platform modules already initialized, skipping
Switching build target platform(19) subTarget(0) extendedPlatform(0) -> platform(13) subTarget(589824) extendedPlatform(0)
Refreshing native plugins compatible for Editor in 1.33 ms, found 3 plugins.
Preloading 0 native plugins for Editor in 0.00 ms.
Unloading 3498 Unused Serialized files (Serialized files now loaded: 0)
System memory in use before: 137.5 MB.
System memory in use after: 137.7 MB.

Unloading 66 unused Assets to reduce memory usage. Loaded Objects now: 4019.
Total: 11.215900 ms (FindLiveObjects: 0.364100 ms CreateObjectMapping: 0.286900 ms MarkObjects: 10.514000 ms  DeleteObjects: 0.048200 ms)

AssetImportParameters requested are different than current active one (requested -> active):
  custom:graphics/normal-map-encoding: 01000000000000000000000000000000 -> 02000000000000000000000000000000
