Using pre-set license
Built from '2021.1/staging' branch; Version is '2021.1.5f1 (3737af19df53) revision 3618735'; Using compiler version '192528614'; Build Type 'Release'
OS: 'Windows 10 Pro; OS build 19042.1348; Version 2009; 64bit' Language: 'ru' Physical Memory: 8149 MB
BatchMode: 1, IsHumanControllingUs: 0, StartBugReporterOnCrash: 0, Is64bit: 1, IsPro: 0

 COMMAND LINE ARGUMENTS:
E:\Revina\2021.1.5f1\Editor\Unity.exe
-adb2
-batchMode
-noUpm
-name
AssetImportWorker5
-projectPath
D:/UnityEducation/CarGameMobile2D/CarGameMobile/CarGameMobile_End
-logFile
Logs/AssetImportWorker5.log
-srvPort
63306
Successfully changed project path to: D:/UnityEducation/CarGameMobile2D/CarGameMobile/CarGameMobile_End
D:/UnityEducation/CarGameMobile2D/CarGameMobile/CarGameMobile_End
Using Asset Import Pipeline V2.
Refreshing native plugins compatible for Editor in 131.26 ms, found 3 plugins.
Preloading 0 native plugins for Editor in 0.00 ms.
Initialize engine version: 2021.1.5f1 (3737af19df53)
[Subsystems] Discovering subsystems at path E:/Revina/2021.1.5f1/Editor/Data/Resources/UnitySubsystems
[Subsystems] Discovering subsystems at path D:/UnityEducation/CarGameMobile2D/CarGameMobile/CarGameMobile_End/Assets
GfxDevice: creating device client; threaded=0; jobified=0
Direct3D:
    Version:  Direct3D 11.0 [level 11.1]
    Renderer: NVIDIA GeForce GTX 960 (ID=0x1401)
    Vendor:   NVIDIA
    VRAM:     2007 MB
    Driver:   27.21.14.5671
Initialize mono
Mono path[0] = 'E:/Revina/2021.1.5f1/Editor/Data/Managed'
Mono path[1] = 'E:/Revina/2021.1.5f1/Editor/Data/MonoBleedingEdge/lib/mono/unityjit'
Mono config path = 'E:/Revina/2021.1.5f1/Editor/Data/MonoBleedingEdge/etc'
Using monoOptions --debugger-agent=transport=dt_socket,embedding=1,server=y,suspend=n,address=127.0.0.1:56292
Begin MonoManager ReloadAssembly
Registering precompiled unity dll's ...
Register platform support module: E:/Revina/2021.1.5f1/Editor/Data/PlaybackEngines/WindowsStandaloneSupport/UnityEditor.WindowsStandalone.Extensions.dll
Registered in 0.018592 seconds.
Native extension for WindowsStandalone target not found
Refreshing native plugins compatible for Editor in 129.93 ms, found 3 plugins.
Preloading 0 native plugins for Editor in 0.00 ms.
Mono: successfully reloaded assembly
- Completed reload, in  6.377 seconds
Platform modules already initialized, skipping
Registering precompiled user dll's ...
Registered in 0.159859 seconds.
Begin MonoManager ReloadAssembly
Native extension for WindowsStandalone target not found
Refreshing native plugins compatible for Editor in 138.05 ms, found 3 plugins.
Preloading 0 native plugins for Editor in 0.00 ms.
Mono: successfully reloaded assembly
- Completed reload, in  4.513 seconds
Platform modules already initialized, skipping
========================================================================
Worker process is ready to serve import requests
Launched and connected shader compiler UnityShaderCompiler.exe after 0.20 seconds
Refreshing native plugins compatible for Editor in 3.84 ms, found 3 plugins.
Preloading 0 native plugins for Editor in 0.00 ms.
Unloading 2511 Unused Serialized files (Serialized files now loaded: 0)
System memory in use before: 107.1 MB.
System memory in use after: 107.3 MB.

Unloading 73 unused Assets to reduce memory usage. Loaded Objects now: 2919.
Total: 11.081200 ms (FindLiveObjects: 0.319300 ms CreateObjectMapping: 0.266200 ms MarkObjects: 10.361000 ms  DeleteObjects: 0.132200 ms)

========================================================================
Received Import Request.
  path: Assets/_Root/Scripts/Features/Inventory/InventoryView.cs
  artifactKey: Guid(c6ef427009da8344eb167a5dc0984caa) Importer(815301076,1909f56bfc062723c751e8b465ee728b)
Start importing Assets/_Root/Scripts/Features/Inventory/InventoryView.cs using Guid(c6ef427009da8344eb167a5dc0984caa) Importer(815301076,1909f56bfc062723c751e8b465ee728b)  -> (artifact id: '6994c20d86d42fe15f2527226219392e') in 0.143006 seconds 
========================================================================
Received Import Request.
  Time since last request: 251.207386 seconds.
  path: Assets/_Root/Scripts/Features/Shed
  artifactKey: Guid(922aff2d5c8ee4a498b3c035a5dba86b) Importer(815301076,1909f56bfc062723c751e8b465ee728b)
Start importing Assets/_Root/Scripts/Features/Shed using Guid(922aff2d5c8ee4a498b3c035a5dba86b) Importer(815301076,1909f56bfc062723c751e8b465ee728b)  -> (artifact id: '9301169eea116bb7051b34cbbeb8a5ff') in 0.048424 seconds 
========================================================================
Received Import Request.
  Time since last request: 38.705397 seconds.
  path: Assets/_Root/Scripts/Features/Shed/ShedController.cs
  artifactKey: Guid(3b4f5f86d7695ce49b077f590ea548cc) Importer(815301076,1909f56bfc062723c751e8b465ee728b)
Start importing Assets/_Root/Scripts/Features/Shed/ShedController.cs using Guid(3b4f5f86d7695ce49b077f590ea548cc) Importer(815301076,1909f56bfc062723c751e8b465ee728b)  -> (artifact id: 'd7d476f549b75e68196457352b074a4e') in 0.030259 seconds 
========================================================================
Received Prepare
Registering precompiled user dll's ...
Registered in 0.008136 seconds.
Begin MonoManager ReloadAssembly
Native extension for WindowsStandalone target not found
Refreshing native plugins compatible for Editor in 1.48 ms, found 3 plugins.
Preloading 0 native plugins for Editor in 0.00 ms.
Mono: successfully reloaded assembly
- Completed reload, in  3.763 seconds
Platform modules already initialized, skipping
Switching build target platform(19) subTarget(0) extendedPlatform(0) -> platform(13) subTarget(589824) extendedPlatform(0)
Refreshing native plugins compatible for Editor in 1.95 ms, found 3 plugins.
Preloading 0 native plugins for Editor in 0.00 ms.
Unloading 2492 Unused Serialized files (Serialized files now loaded: 0)
System memory in use before: 105.3 MB.
System memory in use after: 105.5 MB.

Unloading 61 unused Assets to reduce memory usage. Loaded Objects now: 2923.
Total: 26.544000 ms (FindLiveObjects: 0.378200 ms CreateObjectMapping: 0.331000 ms MarkObjects: 25.753000 ms  DeleteObjects: 0.077500 ms)

AssetImportParameters requested are different than current active one (requested -> active):
  custom:graphics/normal-map-encoding: 01000000000000000000000000000000 -> 02000000000000000000000000000000
========================================================================
Received Import Request.
  Time since last request: 219.738071 seconds.
  path: Assets/_Root/Scripts/Features/Shed/ShedController.cs
  artifactKey: Guid(3b4f5f86d7695ce49b077f590ea548cc) Importer(815301076,1909f56bfc062723c751e8b465ee728b)
Start importing Assets/_Root/Scripts/Features/Shed/ShedController.cs using Guid(3b4f5f86d7695ce49b077f590ea548cc) Importer(815301076,1909f56bfc062723c751e8b465ee728b)  -> (artifact id: 'cd9dbfd881acf57ea9cb6c6312e22205') in 0.025140 seconds 
========================================================================
Received Import Request.
  Time since last request: 77.601433 seconds.
  path: Assets/_Root/Scripts/Features/Shed/Upgrade
  artifactKey: Guid(5a655f6183367f14ba73442a28263c28) Importer(815301076,1909f56bfc062723c751e8b465ee728b)
Start importing Assets/_Root/Scripts/Features/Shed/Upgrade using Guid(5a655f6183367f14ba73442a28263c28) Importer(815301076,1909f56bfc062723c751e8b465ee728b)  -> (artifact id: 'b0e049ba9da7600c7a344fc98282731e') in 0.068858 seconds 
========================================================================
Received Import Request.
  Time since last request: 20.070522 seconds.
  path: Assets/_Root/Scripts/Features/Shed/Upgrade/IUpgradeHandler.cs
  artifactKey: Guid(f4aa389082b9dd24bb59d91d76491dc8) Importer(815301076,1909f56bfc062723c751e8b465ee728b)
Start importing Assets/_Root/Scripts/Features/Shed/Upgrade/IUpgradeHandler.cs using Guid(f4aa389082b9dd24bb59d91d76491dc8) Importer(815301076,1909f56bfc062723c751e8b465ee728b)  -> (artifact id: '176816165ea915782ce3522e6265666d') in 0.071922 seconds 
========================================================================
Received Import Request.
  Time since last request: 14.493383 seconds.
  path: Assets/_Root/Scripts/Features/Shed/Upgrade/IUpgradeable.cs
  artifactKey: Guid(d408eb3c0a36c6a4ca4af36672d8c047) Importer(815301076,1909f56bfc062723c751e8b465ee728b)
Start importing Assets/_Root/Scripts/Features/Shed/Upgrade/IUpgradeable.cs using Guid(d408eb3c0a36c6a4ca4af36672d8c047) Importer(815301076,1909f56bfc062723c751e8b465ee728b)  -> (artifact id: '894a4b828e3ef59ee768e8ae9e244fcb') in 1.318255 seconds 
========================================================================
Received Import Request.
  Time since last request: 10.397583 seconds.
  path: Assets/_Root/Scripts/Features/Shed/Upgrade/SpeedUpgradeHandler.cs
  artifactKey: Guid(ce5891e33d1fe9b45a03b59eb6a3bf8e) Importer(815301076,1909f56bfc062723c751e8b465ee728b)
Start importing Assets/_Root/Scripts/Features/Shed/Upgrade/SpeedUpgradeHandler.cs using Guid(ce5891e33d1fe9b45a03b59eb6a3bf8e) Importer(815301076,1909f56bfc062723c751e8b465ee728b)  -> (artifact id: '143e42dd2da5f935f8eafc8959b59d27') in 0.034594 seconds 
========================================================================
Received Import Request.
  Time since last request: 18.049749 seconds.
  path: Assets/_Root/Scripts/Features/Shed/Upgrade/StubUpgradeHandler.cs
  artifactKey: Guid(ea80206b3ae236943b131356efdaafe6) Importer(815301076,1909f56bfc062723c751e8b465ee728b)
Start importing Assets/_Root/Scripts/Features/Shed/Upgrade/StubUpgradeHandler.cs using Guid(ea80206b3ae236943b131356efdaafe6) Importer(815301076,1909f56bfc062723c751e8b465ee728b)  -> (artifact id: '7561ba7baa5ca55638ea2fcfdc46ce09') in 0.503942 seconds 
========================================================================
Received Import Request.
  Time since last request: 10.717443 seconds.
  path: Assets/_Root/Scripts/Features/Shed/Upgrade/UpgradeHandlersRepository.cs
  artifactKey: Guid(8c3d5aca25e920d4aaee586e157209d9) Importer(815301076,1909f56bfc062723c751e8b465ee728b)
Start importing Assets/_Root/Scripts/Features/Shed/Upgrade/UpgradeHandlersRepository.cs using Guid(8c3d5aca25e920d4aaee586e157209d9) Importer(815301076,1909f56bfc062723c751e8b465ee728b)  -> (artifact id: 'b5dbae9d4f46c65f9d291441f44ff8d4') in 0.107613 seconds 
========================================================================
Received Import Request.
  Time since last request: 17.550705 seconds.
  path: Assets/_Root/Scripts/Features/Shed/Upgrade/UpgradeItemConfig.cs
  artifactKey: Guid(8a5b28b5ee5e7344abba43b7ba666464) Importer(815301076,1909f56bfc062723c751e8b465ee728b)
Start importing Assets/_Root/Scripts/Features/Shed/Upgrade/UpgradeItemConfig.cs using Guid(8a5b28b5ee5e7344abba43b7ba666464) Importer(815301076,1909f56bfc062723c751e8b465ee728b)  -> (artifact id: '81969ddcb973b244ab59380f72b6177b') in 0.019363 seconds 
========================================================================
Received Import Request.
  Time since last request: 2.563885 seconds.
  path: Assets/_Root/Scripts/Features/Shed/Upgrade/UpgradeItemConfig.cs
  artifactKey: Guid(8a5b28b5ee5e7344abba43b7ba666464) Importer(815301076,1909f56bfc062723c751e8b465ee728b)
Start importing Assets/_Root/Scripts/Features/Shed/Upgrade/UpgradeItemConfig.cs using Guid(8a5b28b5ee5e7344abba43b7ba666464) Importer(815301076,1909f56bfc062723c751e8b465ee728b)  -> (artifact id: '81969ddcb973b244ab59380f72b6177b') in 0.004540 seconds 
========================================================================
Received Import Request.
  Time since last request: 5.356631 seconds.
  path: Assets/_Root/Scripts/Features/Shed/Upgrade/UpgradeItemConfigDataSource.cs
  artifactKey: Guid(a17fd6e5e022f6f41af4cb3b127205a7) Importer(815301076,1909f56bfc062723c751e8b465ee728b)
Start importing Assets/_Root/Scripts/Features/Shed/Upgrade/UpgradeItemConfigDataSource.cs using Guid(a17fd6e5e022f6f41af4cb3b127205a7) Importer(815301076,1909f56bfc062723c751e8b465ee728b)  -> (artifact id: 'fe45e33e6e42bc592c2efaee3f1ad34a') in 0.243020 seconds 
========================================================================
Received Import Request.
  Time since last request: 13.660531 seconds.
  path: Assets/_Root/Scripts/Features/Shed/Upgrade/UpgradeType.cs
  artifactKey: Guid(5c311354df4a9f943a4addd156d9029a) Importer(815301076,1909f56bfc062723c751e8b465ee728b)
Start importing Assets/_Root/Scripts/Features/Shed/Upgrade/UpgradeType.cs using Guid(5c311354df4a9f943a4addd156d9029a) Importer(815301076,1909f56bfc062723c751e8b465ee728b)  -> (artifact id: 'b907e213b97093f53a5712f947facc2a') in 0.094167 seconds 
========================================================================
Received Import Request.
  Time since last request: 251.143088 seconds.
  path: Assets/_Root/Scripts/Features/Shed/Upgrade/UpgradeType.cs
  artifactKey: Guid(5c311354df4a9f943a4addd156d9029a) Importer(815301076,1909f56bfc062723c751e8b465ee728b)
Start importing Assets/_Root/Scripts/Features/Shed/Upgrade/UpgradeType.cs using Guid(5c311354df4a9f943a4addd156d9029a) Importer(815301076,1909f56bfc062723c751e8b465ee728b)  -> (artifact id: '0d41a2b2aa298af59fb6edbfe4865a37') in 0.003939 seconds 
========================================================================
Received Import Request.
  Time since last request: 69.480032 seconds.
  path: Assets/_Root/Scripts/Repository.cs
  artifactKey: Guid(3d5952eb21a0af948a2ab2b3ea6e9aa2) Importer(815301076,1909f56bfc062723c751e8b465ee728b)
Start importing Assets/_Root/Scripts/Repository.cs using Guid(3d5952eb21a0af948a2ab2b3ea6e9aa2) Importer(815301076,1909f56bfc062723c751e8b465ee728b)  -> (artifact id: '57748817f40fdf0a3ccf14d6ddcf77ea') in 0.092703 seconds 
========================================================================
Received Import Request.
  Time since last request: 35.672226 seconds.
  path: Assets/_Root/Scripts/Repository.cs
  artifactKey: Guid(3d5952eb21a0af948a2ab2b3ea6e9aa2) Importer(815301076,1909f56bfc062723c751e8b465ee728b)
Start importing Assets/_Root/Scripts/Repository.cs using Guid(3d5952eb21a0af948a2ab2b3ea6e9aa2) Importer(815301076,1909f56bfc062723c751e8b465ee728b)  -> (artifact id: 'fd6836edf6a21b479cafdc55cb5bca99') in 0.007552 seconds 
========================================================================
Received Import Request.
  Time since last request: 610.921902 seconds.
  path: Assets/_Root/Scripts/Tool/Reactive
  artifactKey: Guid(f1d2c22f877c4e44eabce3535c6c3abe) Importer(815301076,1909f56bfc062723c751e8b465ee728b)
Start importing Assets/_Root/Scripts/Tool/Reactive using Guid(f1d2c22f877c4e44eabce3535c6c3abe) Importer(815301076,1909f56bfc062723c751e8b465ee728b)  -> (artifact id: 'c2374d8839b5394587bff7e9cfb52590') in 0.055045 seconds 
========================================================================
Received Import Request.
  Time since last request: 8.400220 seconds.
  path: Assets/_Root/Scripts/Tool/ISubscriptionProperty.cs
  artifactKey: Guid(b99a0c393d6e44e8a39cb918446f5613) Importer(815301076,1909f56bfc062723c751e8b465ee728b)
Start importing Assets/_Root/Scripts/Tool/ISubscriptionProperty.cs using Guid(b99a0c393d6e44e8a39cb918446f5613) Importer(815301076,1909f56bfc062723c751e8b465ee728b)  -> (artifact id: '6cb4f5baf626979e47844426d228a2b8') in 0.069029 seconds 
========================================================================
Received Import Request.
  Time since last request: 563.289868 seconds.
  path: Assets/_Root/Scripts/Features/AbilitySystem
  artifactKey: Guid(412db787e94c5bd409b4b0cc06f04a0a) Importer(815301076,1909f56bfc062723c751e8b465ee728b)
Start importing Assets/_Root/Scripts/Features/AbilitySystem using Guid(412db787e94c5bd409b4b0cc06f04a0a) Importer(815301076,1909f56bfc062723c751e8b465ee728b)  -> (artifact id: '090c49d40b80f856ac8bcb6b7a6a876b') in 0.025652 seconds 
========================================================================
Received Import Request.
  Time since last request: 8.162096 seconds.
  path: Assets/_Root/Scripts/Features/AbilitySystem/Abilities
  artifactKey: Guid(2492829bc4b33d0428255b566bc7b8f6) Importer(815301076,1909f56bfc062723c751e8b465ee728b)
Start importing Assets/_Root/Scripts/Features/AbilitySystem/Abilities using Guid(2492829bc4b33d0428255b566bc7b8f6) Importer(815301076,1909f56bfc062723c751e8b465ee728b)  -> (artifact id: '5616d6a5b2bc780e81b301fc580dff1f') in 0.036129 seconds 
========================================================================
Received Import Request.
  Time since last request: 10.486065 seconds.
  path: Assets/_Root/Scripts/Features/AbilitySystem/Abilities/AbilityButtonView.cs
  artifactKey: Guid(d14cfabaf93863d4089063c1da152357) Importer(815301076,1909f56bfc062723c751e8b465ee728b)
Start importing Assets/_Root/Scripts/Features/AbilitySystem/Abilities/AbilityButtonView.cs using Guid(d14cfabaf93863d4089063c1da152357) Importer(815301076,1909f56bfc062723c751e8b465ee728b)  -> (artifact id: 'f77bd41570f83c309bc011fa7ef1dc28') in 0.144965 seconds 
========================================================================
Received Import Request.
  Time since last request: 11.551145 seconds.
  path: Assets/_Root/Scripts/Features/AbilitySystem/Abilities/AbilityItemConfig.cs
  artifactKey: Guid(673f6a078f7b904468c128013f8b0b3b) Importer(815301076,1909f56bfc062723c751e8b465ee728b)
Start importing Assets/_Root/Scripts/Features/AbilitySystem/Abilities/AbilityItemConfig.cs using Guid(673f6a078f7b904468c128013f8b0b3b) Importer(815301076,1909f56bfc062723c751e8b465ee728b)  -> (artifact id: 'c88c02532be130c65caeeac079fb84e3') in 0.120593 seconds 
========================================================================
Received Import Request.
  Time since last request: 7.261342 seconds.
  path: Assets/_Root/Scripts/Features/AbilitySystem/Abilities/AbilityItemConfigDataSource.cs
  artifactKey: Guid(5fba3df4477016c4abcad7aede0cd28d) Importer(815301076,1909f56bfc062723c751e8b465ee728b)
Start importing Assets/_Root/Scripts/Features/AbilitySystem/Abilities/AbilityItemConfigDataSource.cs using Guid(5fba3df4477016c4abcad7aede0cd28d) Importer(815301076,1909f56bfc062723c751e8b465ee728b)  -> (artifact id: '87aae1804dc5c5f95196bf11c8570e08') in 0.041476 seconds 
========================================================================
Received Import Request.
  Time since last request: 7.681180 seconds.
  path: Assets/_Root/Scripts/Features/AbilitySystem/Abilities/AbilityType.cs
  artifactKey: Guid(86d64554bc0c0ec458da8efa40ffd44c) Importer(815301076,1909f56bfc062723c751e8b465ee728b)
Start importing Assets/_Root/Scripts/Features/AbilitySystem/Abilities/AbilityType.cs using Guid(86d64554bc0c0ec458da8efa40ffd44c) Importer(815301076,1909f56bfc062723c751e8b465ee728b)  -> (artifact id: '674e174fa9313e1e95ec302c90f4414a') in 0.032981 seconds 
========================================================================
Received Import Request.
  Time since last request: 8.678232 seconds.
  path: Assets/_Root/Scripts/Features/AbilitySystem/Abilities/GunAbility.cs
  artifactKey: Guid(e1890f2bee599944a896fa7b7793b19f) Importer(815301076,1909f56bfc062723c751e8b465ee728b)
Start importing Assets/_Root/Scripts/Features/AbilitySystem/Abilities/GunAbility.cs using Guid(e1890f2bee599944a896fa7b7793b19f) Importer(815301076,1909f56bfc062723c751e8b465ee728b)  -> (artifact id: '12577b795477a9b015b7bbe2f6e950da') in 0.225267 seconds 
========================================================================
Received Import Request.
  Time since last request: 5.802148 seconds.
  path: Assets/_Root/Scripts/Features/AbilitySystem/Abilities/IAbility.cs
  artifactKey: Guid(cbbc5cd899f52e54d969681cf1a41371) Importer(815301076,1909f56bfc062723c751e8b465ee728b)
Start importing Assets/_Root/Scripts/Features/AbilitySystem/Abilities/IAbility.cs using Guid(cbbc5cd899f52e54d969681cf1a41371) Importer(815301076,1909f56bfc062723c751e8b465ee728b)  -> (artifact id: 'ab9fc3378cb71666171774b3526b6b22') in 0.224085 seconds 
========================================================================
Received Import Request.
  Time since last request: 9.178557 seconds.
  path: Assets/_Root/Scripts/Features/AbilitySystem/Abilities/StubAbility.cs
  artifactKey: Guid(d4d9633de1fced245ab1ec45ba7aefa5) Importer(815301076,1909f56bfc062723c751e8b465ee728b)
Start importing Assets/_Root/Scripts/Features/AbilitySystem/Abilities/StubAbility.cs using Guid(d4d9633de1fced245ab1ec45ba7aefa5) Importer(815301076,1909f56bfc062723c751e8b465ee728b)  -> (artifact id: 'f0a1c41362016d72620e9a86f89e1ba2') in 0.048814 seconds 
========================================================================
Received Import Request.
  Time since last request: 12.726382 seconds.
  path: Assets/_Root/Scripts/Features/AbilitySystem/AbilitiesController.cs
  artifactKey: Guid(290b32432513a2447a3ff267dc9996a9) Importer(815301076,1909f56bfc062723c751e8b465ee728b)
Start importing Assets/_Root/Scripts/Features/AbilitySystem/AbilitiesController.cs using Guid(290b32432513a2447a3ff267dc9996a9) Importer(815301076,1909f56bfc062723c751e8b465ee728b)  -> (artifact id: 'd20e95b5eab80a56f97bd5ce97b0452f') in 0.890462 seconds 
========================================================================
Received Import Request.
  Time since last request: 8.305258 seconds.
  path: Assets/_Root/Scripts/Features/AbilitySystem/AbilitiesRepository.cs
  artifactKey: Guid(3741229e3fe7e60449c57068d7fb389f) Importer(815301076,1909f56bfc062723c751e8b465ee728b)
Start importing Assets/_Root/Scripts/Features/AbilitySystem/AbilitiesRepository.cs using Guid(3741229e3fe7e60449c57068d7fb389f) Importer(815301076,1909f56bfc062723c751e8b465ee728b)  -> (artifact id: 'acc8cff2df960f2bb3dd409040e0e912') in 0.045809 seconds 
========================================================================
Received Import Request.
  Time since last request: 10.503341 seconds.
  path: Assets/_Root/Scripts/Features/AbilitySystem/AbilitiesView.cs
  artifactKey: Guid(d556348986dcf1c4b8692118c0fc223a) Importer(815301076,1909f56bfc062723c751e8b465ee728b)
Start importing Assets/_Root/Scripts/Features/AbilitySystem/AbilitiesView.cs using Guid(d556348986dcf1c4b8692118c0fc223a) Importer(815301076,1909f56bfc062723c751e8b465ee728b)  -> (artifact id: '9a3cbf7f66513f15f48b8c495bf46ad5') in 0.138370 seconds 
========================================================================
Received Import Request.
  Time since last request: 11.762651 seconds.
  path: Assets/_Root/Scripts/Features/AbilitySystem/IAbilityActivator.cs
  artifactKey: Guid(14ac19456fab0e24e961ee0f65b47ba4) Importer(815301076,1909f56bfc062723c751e8b465ee728b)
Start importing Assets/_Root/Scripts/Features/AbilitySystem/IAbilityActivator.cs using Guid(14ac19456fab0e24e961ee0f65b47ba4) Importer(815301076,1909f56bfc062723c751e8b465ee728b)  -> (artifact id: '22fd04bc21411e58396154f708d8818d') in 0.020925 seconds 
========================================================================
Received Import Request.
  Time since last request: 1091.165022 seconds.
  path: Assets/_Root/Scripts/Services/ServiceLocator.cs
  artifactKey: Guid(0ac0673b2430a8e4ab94890a37f5f249) Importer(815301076,1909f56bfc062723c751e8b465ee728b)
Start importing Assets/_Root/Scripts/Services/ServiceLocator.cs using Guid(0ac0673b2430a8e4ab94890a37f5f249) Importer(815301076,1909f56bfc062723c751e8b465ee728b)  -> (artifact id: '922313f55e7b9b3f2a5ee0dc9ad2f0e1') in 0.026962 seconds 
========================================================================
Received Import Request.
  Time since last request: 125.901921 seconds.
  path: Assets/_Root/Scripts/Services/ServiceLocator.cs
  artifactKey: Guid(0ac0673b2430a8e4ab94890a37f5f249) Importer(815301076,1909f56bfc062723c751e8b465ee728b)
Start importing Assets/_Root/Scripts/Services/ServiceLocator.cs using Guid(0ac0673b2430a8e4ab94890a37f5f249) Importer(815301076,1909f56bfc062723c751e8b465ee728b)  -> (artifact id: '5e7e08d88992248c867df8249d0094d7') in 0.004382 seconds 
========================================================================
Received Prepare
Registering precompiled user dll's ...
Registered in 0.107331 seconds.
Begin MonoManager ReloadAssembly
Native extension for WindowsStandalone target not found
Refreshing native plugins compatible for Editor in 1.24 ms, found 3 plugins.
Preloading 0 native plugins for Editor in 0.00 ms.
Mono: successfully reloaded assembly
- Completed reload, in  2.484 seconds
Platform modules already initialized, skipping
Switching build target platform(19) subTarget(0) extendedPlatform(0) -> platform(13) subTarget(589824) extendedPlatform(0)
Refreshing native plugins compatible for Editor in 1.39 ms, found 3 plugins.
Preloading 0 native plugins for Editor in 0.00 ms.
Unloading 2514 Unused Serialized files (Serialized files now loaded: 0)
System memory in use before: 105.8 MB.
System memory in use after: 106.1 MB.

Unloading 61 unused Assets to reduce memory usage. Loaded Objects now: 2948.
Total: 10.540600 ms (FindLiveObjects: 0.314200 ms CreateObjectMapping: 0.275900 ms MarkObjects: 9.889100 ms  DeleteObjects: 0.057500 ms)

AssetImportParameters requested are different than current active one (requested -> active):
  custom:graphics/normal-map-encoding: 01000000000000000000000000000000 -> 02000000000000000000000000000000
========================================================================
Received Prepare
Registering precompiled user dll's ...
Registered in 0.005740 seconds.
Begin MonoManager ReloadAssembly
Native extension for WindowsStandalone target not found
Refreshing native plugins compatible for Editor in 1.17 ms, found 3 plugins.
Preloading 0 native plugins for Editor in 0.00 ms.
Mono: successfully reloaded assembly
- Completed reload, in  2.091 seconds
Platform modules already initialized, skipping
Switching build target platform(19) subTarget(0) extendedPlatform(0) -> platform(13) subTarget(589824) extendedPlatform(0)
Refreshing native plugins compatible for Editor in 1.13 ms, found 3 plugins.
Preloading 0 native plugins for Editor in 0.00 ms.
Unloading 2514 Unused Serialized files (Serialized files now loaded: 0)
System memory in use before: 105.9 MB.
System memory in use after: 106.1 MB.

Unloading 61 unused Assets to reduce memory usage. Loaded Objects now: 2951.
Total: 10.078500 ms (FindLiveObjects: 0.297200 ms CreateObjectMapping: 0.244600 ms MarkObjects: 9.493600 ms  DeleteObjects: 0.040800 ms)

AssetImportParameters requested are different than current active one (requested -> active):
  custom:graphics/normal-map-encoding: 01000000000000000000000000000000 -> 02000000000000000000000000000000
========================================================================
Received Import Request.
  Time since last request: 2819.191838 seconds.
  path: Assets/_Root/Scripts/Tool/DontDestroyOnLoadObject.cs
  artifactKey: Guid(672745488a6c9f947b21b35128b4eddb) Importer(815301076,1909f56bfc062723c751e8b465ee728b)
Start importing Assets/_Root/Scripts/Tool/DontDestroyOnLoadObject.cs using Guid(672745488a6c9f947b21b35128b4eddb) Importer(815301076,1909f56bfc062723c751e8b465ee728b)  -> (artifact id: 'e52c7cea5c0a2d6c012facf84a58850f') in 0.026630 seconds 
========================================================================
Received Prepare
Registering precompiled user dll's ...
Registered in 0.077356 seconds.
Begin MonoManager ReloadAssembly
Native extension for WindowsStandalone target not found
Refreshing native plugins compatible for Editor in 1.47 ms, found 3 plugins.
Preloading 0 native plugins for Editor in 0.00 ms.
Mono: successfully reloaded assembly
- Completed reload, in  2.253 seconds
Platform modules already initialized, skipping
Switching build target platform(19) subTarget(0) extendedPlatform(0) -> platform(13) subTarget(589824) extendedPlatform(0)
Refreshing native plugins compatible for Editor in 1.45 ms, found 3 plugins.
Preloading 0 native plugins for Editor in 0.00 ms.
Unloading 2515 Unused Serialized files (Serialized files now loaded: 0)
System memory in use before: 105.9 MB.
System memory in use after: 106.1 MB.

Unloading 61 unused Assets to reduce memory usage. Loaded Objects now: 2955.
Total: 11.194500 ms (FindLiveObjects: 0.406100 ms CreateObjectMapping: 0.465300 ms MarkObjects: 10.273400 ms  DeleteObjects: 0.047300 ms)

AssetImportParameters requested are different than current active one (requested -> active):
  custom:graphics/normal-map-encoding: 01000000000000000000000000000000 -> 02000000000000000000000000000000
========================================================================
Received Import Request.
  Time since last request: 54.756339 seconds.
  path: Assets/_Root/Scripts/Tool/DontDestroyOnLoadObject.cs
  artifactKey: Guid(672745488a6c9f947b21b35128b4eddb) Importer(815301076,1909f56bfc062723c751e8b465ee728b)
Start importing Assets/_Root/Scripts/Tool/DontDestroyOnLoadObject.cs using Guid(672745488a6c9f947b21b35128b4eddb) Importer(815301076,1909f56bfc062723c751e8b465ee728b)  -> (artifact id: '9d68842696c974dbcd36d8edbf2113c1') in 0.007862 seconds 
========================================================================
Received Prepare
Registering precompiled user dll's ...
Registered in 0.011559 seconds.
Begin MonoManager ReloadAssembly
Native extension for WindowsStandalone target not found
Refreshing native plugins compatible for Editor in 2.53 ms, found 3 plugins.
Preloading 0 native plugins for Editor in 0.00 ms.
Mono: successfully reloaded assembly
- Completed reload, in  9.089 seconds
Platform modules already initialized, skipping
Switching build target platform(19) subTarget(0) extendedPlatform(0) -> platform(13) subTarget(589824) extendedPlatform(0)
Refreshing native plugins compatible for Editor in 3.18 ms, found 3 plugins.
Preloading 0 native plugins for Editor in 0.00 ms.
Unloading 2515 Unused Serialized files (Serialized files now loaded: 0)
System memory in use before: 105.8 MB.
System memory in use after: 106.0 MB.

Unloading 61 unused Assets to reduce memory usage. Loaded Objects now: 2958.
Total: 36.360000 ms (FindLiveObjects: 0.439800 ms CreateObjectMapping: 0.212000 ms MarkObjects: 35.647900 ms  DeleteObjects: 0.056700 ms)

AssetImportParameters requested are different than current active one (requested -> active):
  custom:graphics/normal-map-encoding: 01000000000000000000000000000000 -> 02000000000000000000000000000000
========================================================================
Received Import Request.
  Time since last request: 236.751580 seconds.
  path: Assets/_Root/Scripts/Services/IAP
  artifactKey: Guid(2ee5c5677b6c44bea1374c19cb5bfaea) Importer(815301076,1909f56bfc062723c751e8b465ee728b)
Start importing Assets/_Root/Scripts/Services/IAP using Guid(2ee5c5677b6c44bea1374c19cb5bfaea) Importer(815301076,1909f56bfc062723c751e8b465ee728b)  -> (artifact id: '54856c6bf96fa9b47075b0cf7509e535') in 0.017533 seconds 
========================================================================
Received Import Request.
  Time since last request: 3.160134 seconds.
  path: Assets/_Root/Scripts/Services/IAP/PurchaseRestorer.cs
  artifactKey: Guid(006f7bde414a4e0896c5bf754fe46908) Importer(815301076,1909f56bfc062723c751e8b465ee728b)
Start importing Assets/_Root/Scripts/Services/IAP/PurchaseRestorer.cs using Guid(006f7bde414a4e0896c5bf754fe46908) Importer(815301076,1909f56bfc062723c751e8b465ee728b)  -> (artifact id: '935a221d5babc637e613d2a5e69ddef8') in 0.009998 seconds 
========================================================================
Received Import Request.
  Time since last request: 0.971668 seconds.
  path: Assets/_Root/Scripts/Services/IAP/IAPService.cs
  artifactKey: Guid(62018ed7ffda43dd8ae4302f06bf9478) Importer(815301076,1909f56bfc062723c751e8b465ee728b)
Start importing Assets/_Root/Scripts/Services/IAP/IAPService.cs using Guid(62018ed7ffda43dd8ae4302f06bf9478) Importer(815301076,1909f56bfc062723c751e8b465ee728b)  -> (artifact id: 'b64e9d4c3a44063e1fbac70778ba9af8') in 0.011324 seconds 
========================================================================
Received Import Request.
  Time since last request: 87.714431 seconds.
  path: Assets/_Root/Scripts/Services/IAP/Settings
  artifactKey: Guid(8b71a610adbc4498bf567f76e08f190c) Importer(815301076,1909f56bfc062723c751e8b465ee728b)
Start importing Assets/_Root/Scripts/Services/IAP/Settings using Guid(8b71a610adbc4498bf567f76e08f190c) Importer(815301076,1909f56bfc062723c751e8b465ee728b)  -> (artifact id: '285ae3bd83af3c5fd14dcc3186d96351') in 0.011345 seconds 
========================================================================
Received Prepare
Registering precompiled user dll's ...
Registered in 0.009782 seconds.
Begin MonoManager ReloadAssembly
Native extension for WindowsStandalone target not found
Refreshing native plugins compatible for Editor in 1.40 ms, found 3 plugins.
Preloading 0 native plugins for Editor in 0.00 ms.
Mono: successfully reloaded assembly
- Completed reload, in  2.759 seconds
Platform modules already initialized, skipping
Switching build target platform(19) subTarget(0) extendedPlatform(0) -> platform(13) subTarget(589824) extendedPlatform(0)
Refreshing native plugins compatible for Editor in 2.98 ms, found 3 plugins.
Preloading 0 native plugins for Editor in 0.00 ms.
Unloading 2515 Unused Serialized files (Serialized files now loaded: 0)
System memory in use before: 105.9 MB.
System memory in use after: 106.2 MB.

Unloading 61 unused Assets to reduce memory usage. Loaded Objects now: 2961.
Total: 20.497200 ms (FindLiveObjects: 0.420500 ms CreateObjectMapping: 0.221200 ms MarkObjects: 19.806600 ms  DeleteObjects: 0.045500 ms)

AssetImportParameters requested are different than current active one (requested -> active):
  custom:graphics/normal-map-encoding: 01000000000000000000000000000000 -> 02000000000000000000000000000000
========================================================================
Received Import Request.
  Time since last request: 568.478716 seconds.
  path: Assets/_Root/Scripts/Services/Ads/UnityAds/RewardedAdsPlayer.cs
  artifactKey: Guid(75da29cbf24cd5d45abdfa8b4c000aaf) Importer(815301076,1909f56bfc062723c751e8b465ee728b)
Start importing Assets/_Root/Scripts/Services/Ads/UnityAds/RewardedAdsPlayer.cs using Guid(75da29cbf24cd5d45abdfa8b4c000aaf) Importer(815301076,1909f56bfc062723c751e8b465ee728b)  -> (artifact id: '58bfc396dcbbdd53e487edb6a3c54052') in 0.020295 seconds 
========================================================================
Received Import Request.
  Time since last request: 43.768807 seconds.
  path: Assets/_Root/Scripts/Services/Ads/UnityAds/RewardedAdsPlayer.cs
  artifactKey: Guid(75da29cbf24cd5d45abdfa8b4c000aaf) Importer(815301076,1909f56bfc062723c751e8b465ee728b)
Start importing Assets/_Root/Scripts/Services/Ads/UnityAds/RewardedAdsPlayer.cs using Guid(75da29cbf24cd5d45abdfa8b4c000aaf) Importer(815301076,1909f56bfc062723c751e8b465ee728b)  -> (artifact id: 'df044da3e8f5599731b8f3496edad9f1') in 0.483922 seconds 
