Using pre-set license
Built from '2021.1/staging' branch; Version is '2021.1.5f1 (3737af19df53) revision 3618735'; Using compiler version '192528614'; Build Type 'Release'
OS: 'Windows 10 Pro; OS build 19042.1348; Version 2009; 64bit' Language: 'ru' Physical Memory: 8149 MB
BatchMode: 1, IsHumanControllingUs: 0, StartBugReporterOnCrash: 0, Is64bit: 1, IsPro: 0

 COMMAND LINE ARGUMENTS:
E:\Revina\2021.1.5f1\Editor\Unity.exe
-adb2
-batchMode
-noUpm
-name
AssetImportWorker2
-projectPath
D:/UnityEducation/CarGameMobile2D/CarGameMobile/CarGameMobile_End
-logFile
Logs/AssetImportWorker2.log
-srvPort
54306
Successfully changed project path to: D:/UnityEducation/CarGameMobile2D/CarGameMobile/CarGameMobile_End
D:/UnityEducation/CarGameMobile2D/CarGameMobile/CarGameMobile_End
Using Asset Import Pipeline V2.
Refreshing native plugins compatible for Editor in 174.90 ms, found 3 plugins.
Preloading 0 native plugins for Editor in 0.00 ms.
Initialize engine version: 2021.1.5f1 (3737af19df53)
[Subsystems] Discovering subsystems at path E:/Revina/2021.1.5f1/Editor/Data/Resources/UnitySubsystems
[Subsystems] Discovering subsystems at path D:/UnityEducation/CarGameMobile2D/CarGameMobile/CarGameMobile_End/Assets
GfxDevice: creating device client; threaded=0; jobified=0
Direct3D:
    Version:  Direct3D 11.0 [level 11.1]
    Renderer: NVIDIA GeForce GTX 960 (ID=0x1401)
    Vendor:   NVIDIA
    VRAM:     2007 MB
    Driver:   27.21.14.5671
Initialize mono
Mono path[0] = 'E:/Revina/2021.1.5f1/Editor/Data/Managed'
Mono path[1] = 'E:/Revina/2021.1.5f1/Editor/Data/MonoBleedingEdge/lib/mono/unityjit'
Mono config path = 'E:/Revina/2021.1.5f1/Editor/Data/MonoBleedingEdge/etc'
Using monoOptions --debugger-agent=transport=dt_socket,embedding=1,server=y,suspend=n,address=127.0.0.1:56712
Begin MonoManager ReloadAssembly
Registering precompiled unity dll's ...
Register platform support module: E:/Revina/2021.1.5f1/Editor/Data/PlaybackEngines/WindowsStandaloneSupport/UnityEditor.WindowsStandalone.Extensions.dll
Registered in 0.004078 seconds.
Native extension for WindowsStandalone target not found
Refreshing native plugins compatible for Editor in 162.17 ms, found 3 plugins.
Preloading 0 native plugins for Editor in 0.00 ms.
Mono: successfully reloaded assembly
- Completed reload, in  5.867 seconds
Platform modules already initialized, skipping
Registering precompiled user dll's ...
Registered in 0.008829 seconds.
Begin MonoManager ReloadAssembly
Native extension for WindowsStandalone target not found
Refreshing native plugins compatible for Editor in 208.54 ms, found 3 plugins.
Preloading 0 native plugins for Editor in 0.00 ms.
Mono: successfully reloaded assembly
- Completed reload, in  7.208 seconds
Platform modules already initialized, skipping
========================================================================
Worker process is ready to serve import requests
Launched and connected shader compiler UnityShaderCompiler.exe after 0.81 seconds
Refreshing native plugins compatible for Editor in 17.83 ms, found 3 plugins.
Preloading 0 native plugins for Editor in 0.00 ms.
Unloading 3007 Unused Serialized files (Serialized files now loaded: 0)
System memory in use before: 130.1 MB.
System memory in use after: 130.3 MB.

Unloading 75 unused Assets to reduce memory usage. Loaded Objects now: 3439.
Total: 48.903700 ms (FindLiveObjects: 0.444000 ms CreateObjectMapping: 0.269700 ms MarkObjects: 48.022100 ms  DeleteObjects: 0.164200 ms)

========================================================================
Received Import Request.
  path: Assets/_Root/Scripts/MainController.cs
  artifactKey: Guid(79ab18df32b14ead98f0c272497fad5a) Importer(815301076,1909f56bfc062723c751e8b465ee728b)
Start importing Assets/_Root/Scripts/MainController.cs using Guid(79ab18df32b14ead98f0c272497fad5a) Importer(815301076,1909f56bfc062723c751e8b465ee728b)  -> (artifact id: '2660d7437877395a429400dc168dd333') in 1.309740 seconds 
========================================================================
Received Prepare
Registering precompiled user dll's ...
Registered in 0.165218 seconds.
Begin MonoManager ReloadAssembly
Native extension for WindowsStandalone target not found
Refreshing native plugins compatible for Editor in 2.29 ms, found 3 plugins.
Preloading 0 native plugins for Editor in 0.00 ms.
Mono: successfully reloaded assembly
- Completed reload, in  9.292 seconds
Platform modules already initialized, skipping
Script is not up to date after domain reload: guid(6159dbceb51e4e079eff744662efbed9) path("Assets/_Root/Scripts/Ui/GameMenu/GameMenuView.cs") state(2)
Switching build target platform(19) subTarget(0) extendedPlatform(0) -> platform(13) subTarget(589824) extendedPlatform(0)
Refreshing native plugins compatible for Editor in 1.42 ms, found 3 plugins.
Preloading 0 native plugins for Editor in 0.00 ms.
Unloading 2964 Unused Serialized files (Serialized files now loaded: 0)
System memory in use before: 127.5 MB.
System memory in use after: 127.8 MB.

Unloading 63 unused Assets to reduce memory usage. Loaded Objects now: 3443.
Total: 12.706600 ms (FindLiveObjects: 0.436600 ms CreateObjectMapping: 1.042000 ms MarkObjects: 11.177300 ms  DeleteObjects: 0.048300 ms)

AssetImportParameters requested are different than current active one (requested -> active):
  custom:graphics/normal-map-encoding: 01000000000000000000000000000000 -> 02000000000000000000000000000000
========================================================================
Received Import Request.
  Time since last request: 471.952473 seconds.
  path: Assets/_Root/Scripts/MainController.cs
  artifactKey: Guid(79ab18df32b14ead98f0c272497fad5a) Importer(815301076,1909f56bfc062723c751e8b465ee728b)
Start importing Assets/_Root/Scripts/MainController.cs using Guid(79ab18df32b14ead98f0c272497fad5a) Importer(815301076,1909f56bfc062723c751e8b465ee728b)  -> (artifact id: 'aa3e58bfc2c75c144fa2324ca828b281') in 0.017943 seconds 
========================================================================
Received Prepare
Registering precompiled user dll's ...
Registered in 0.076421 seconds.
Begin MonoManager ReloadAssembly
Native extension for WindowsStandalone target not found
Refreshing native plugins compatible for Editor in 1.51 ms, found 3 plugins.
Preloading 0 native plugins for Editor in 0.00 ms.
Mono: successfully reloaded assembly
- Completed reload, in  3.040 seconds
Platform modules already initialized, skipping
Switching build target platform(19) subTarget(0) extendedPlatform(0) -> platform(13) subTarget(589824) extendedPlatform(0)
Refreshing native plugins compatible for Editor in 1.45 ms, found 3 plugins.
Preloading 0 native plugins for Editor in 0.00 ms.
Unloading 2968 Unused Serialized files (Serialized files now loaded: 0)
System memory in use before: 127.7 MB.
System memory in use after: 127.9 MB.

Unloading 63 unused Assets to reduce memory usage. Loaded Objects now: 3450.
Total: 11.695200 ms (FindLiveObjects: 0.410000 ms CreateObjectMapping: 0.329800 ms MarkObjects: 10.910600 ms  DeleteObjects: 0.042400 ms)

AssetImportParameters requested are different than current active one (requested -> active):
  custom:graphics/normal-map-encoding: 01000000000000000000000000000000 -> 02000000000000000000000000000000
========================================================================
Received Import Request.
  Time since last request: 229.678395 seconds.
  path: Assets/_Root/Resources/Prefabs/Game
  artifactKey: Guid(1a305abec27f59c4dadc6b034880ae45) Importer(815301076,1909f56bfc062723c751e8b465ee728b)
Start importing Assets/_Root/Resources/Prefabs/Game using Guid(1a305abec27f59c4dadc6b034880ae45) Importer(815301076,1909f56bfc062723c751e8b465ee728b)  -> (artifact id: 'af8be805e92f7be1e2299bca9d4cc19f') in 0.033508 seconds 
========================================================================
Received Import Request.
  Time since last request: 338.127355 seconds.
  path: Assets/_Root/Resources/Prefabs/Game/GameMenu.prefab
  artifactKey: Guid(4bd521b8722b682448bc125d314a7425) Importer(815301076,1909f56bfc062723c751e8b465ee728b)
Start importing Assets/_Root/Resources/Prefabs/Game/GameMenu.prefab using Guid(4bd521b8722b682448bc125d314a7425) Importer(815301076,1909f56bfc062723c751e8b465ee728b)  -> (artifact id: 'cb91a8639debaca1c1854277628d30ac') in 0.150919 seconds 
========================================================================
Received Import Request.
  Time since last request: 19.396151 seconds.
  path: Assets/_Root/Resources/Prefabs/Game/GameMenu.prefab
  artifactKey: Guid(4bd521b8722b682448bc125d314a7425) Importer(815301076,1909f56bfc062723c751e8b465ee728b)
Start importing Assets/_Root/Resources/Prefabs/Game/GameMenu.prefab using Guid(4bd521b8722b682448bc125d314a7425) Importer(815301076,1909f56bfc062723c751e8b465ee728b)  -> (artifact id: '0701b4f38fafc21d56514a3487df4be1') in 0.012597 seconds 
========================================================================
Received Prepare
Registering precompiled user dll's ...
Registered in 0.012474 seconds.
Begin MonoManager ReloadAssembly
Native extension for WindowsStandalone target not found
Refreshing native plugins compatible for Editor in 1.45 ms, found 3 plugins.
Preloading 0 native plugins for Editor in 0.00 ms.
Mono: successfully reloaded assembly
- Completed reload, in  2.880 seconds
Platform modules already initialized, skipping
Switching build target platform(19) subTarget(0) extendedPlatform(0) -> platform(13) subTarget(589824) extendedPlatform(0)
Refreshing native plugins compatible for Editor in 1.37 ms, found 3 plugins.
Preloading 0 native plugins for Editor in 0.00 ms.
Unloading 2968 Unused Serialized files (Serialized files now loaded: 0)
System memory in use before: 127.7 MB.
System memory in use after: 128.0 MB.

Unloading 63 unused Assets to reduce memory usage. Loaded Objects now: 3453.
Total: 47.275300 ms (FindLiveObjects: 0.445200 ms CreateObjectMapping: 0.870500 ms MarkObjects: 45.894100 ms  DeleteObjects: 0.062100 ms)

AssetImportParameters requested are different than current active one (requested -> active):
  custom:graphics/normal-map-encoding: 01000000000000000000000000000000 -> 02000000000000000000000000000000
========================================================================
Received Import Request.
  Time since last request: 364.194923 seconds.
  path: Assets/_Root/Resources/Prefabs/Game/PauseMenu.prefab
  artifactKey: Guid(5c737965f37aad54899cf011c1c3faf3) Importer(815301076,1909f56bfc062723c751e8b465ee728b)
Start importing Assets/_Root/Resources/Prefabs/Game/PauseMenu.prefab using Guid(5c737965f37aad54899cf011c1c3faf3) Importer(815301076,1909f56bfc062723c751e8b465ee728b)  -> (artifact id: 'e4591d9692498d1734b0562ff5795071') in 0.076000 seconds 
========================================================================
Received Prepare
Registering precompiled user dll's ...
Registered in 0.013689 seconds.
Begin MonoManager ReloadAssembly
Native extension for WindowsStandalone target not found
Refreshing native plugins compatible for Editor in 10.82 ms, found 3 plugins.
Preloading 0 native plugins for Editor in 0.00 ms.
Mono: successfully reloaded assembly
- Completed reload, in  3.187 seconds
Platform modules already initialized, skipping
Switching build target platform(19) subTarget(0) extendedPlatform(0) -> platform(13) subTarget(589824) extendedPlatform(0)
Refreshing native plugins compatible for Editor in 1.82 ms, found 3 plugins.
Preloading 0 native plugins for Editor in 0.00 ms.
Unloading 2968 Unused Serialized files (Serialized files now loaded: 0)
System memory in use before: 127.8 MB.
System memory in use after: 128.0 MB.

Unloading 63 unused Assets to reduce memory usage. Loaded Objects now: 3456.
Total: 11.461500 ms (FindLiveObjects: 0.342200 ms CreateObjectMapping: 0.268700 ms MarkObjects: 10.798200 ms  DeleteObjects: 0.050400 ms)

AssetImportParameters requested are different than current active one (requested -> active):
  custom:graphics/normal-map-encoding: 01000000000000000000000000000000 -> 02000000000000000000000000000000
========================================================================
Received Import Request.
  Time since last request: 185.763823 seconds.
  path: Assets/_Root/Resources/Prefabs/Game/PauseMenu.prefab
  artifactKey: Guid(5c737965f37aad54899cf011c1c3faf3) Importer(815301076,1909f56bfc062723c751e8b465ee728b)
Start importing Assets/_Root/Resources/Prefabs/Game/PauseMenu.prefab using Guid(5c737965f37aad54899cf011c1c3faf3) Importer(815301076,1909f56bfc062723c751e8b465ee728b)  -> (artifact id: '4e5d057935df9f3e28e79ac426c84229') in 0.097129 seconds 
========================================================================
Received Prepare
Registering precompiled user dll's ...
Registered in 0.006826 seconds.
Begin MonoManager ReloadAssembly
Native extension for WindowsStandalone target not found
Refreshing native plugins compatible for Editor in 2.14 ms, found 3 plugins.
Preloading 0 native plugins for Editor in 0.00 ms.
Mono: successfully reloaded assembly
- Completed reload, in  3.240 seconds
Platform modules already initialized, skipping
Switching build target platform(19) subTarget(0) extendedPlatform(0) -> platform(13) subTarget(589824) extendedPlatform(0)
Refreshing native plugins compatible for Editor in 1.77 ms, found 3 plugins.
Preloading 0 native plugins for Editor in 0.00 ms.
Unloading 2968 Unused Serialized files (Serialized files now loaded: 0)
System memory in use before: 127.8 MB.
System memory in use after: 128.0 MB.

Unloading 63 unused Assets to reduce memory usage. Loaded Objects now: 3459.
Total: 12.098900 ms (FindLiveObjects: 0.384400 ms CreateObjectMapping: 0.221800 ms MarkObjects: 11.440300 ms  DeleteObjects: 0.050200 ms)

AssetImportParameters requested are different than current active one (requested -> active):
  custom:graphics/normal-map-encoding: 01000000000000000000000000000000 -> 02000000000000000000000000000000
========================================================================
Received Import Request.
  Time since last request: 51.686128 seconds.
  path: Assets/_Root/Resources/Prefabs/Game/PauseMenu.prefab
  artifactKey: Guid(5c737965f37aad54899cf011c1c3faf3) Importer(815301076,1909f56bfc062723c751e8b465ee728b)
Start importing Assets/_Root/Resources/Prefabs/Game/PauseMenu.prefab using Guid(5c737965f37aad54899cf011c1c3faf3) Importer(815301076,1909f56bfc062723c751e8b465ee728b)  -> (artifact id: '178a4b0abfe0066ff115e964f14e0292') in 0.061776 seconds 
========================================================================
Received Import Request.
  Time since last request: 33.697436 seconds.
  path: Assets/_Root/Resources/Prefabs/Game/PauseMenu.prefab
  artifactKey: Guid(5c737965f37aad54899cf011c1c3faf3) Importer(815301076,1909f56bfc062723c751e8b465ee728b)
Start importing Assets/_Root/Resources/Prefabs/Game/PauseMenu.prefab using Guid(5c737965f37aad54899cf011c1c3faf3) Importer(815301076,1909f56bfc062723c751e8b465ee728b)  -> (artifact id: 'bce37a16075a2dd0d908469eff617f53') in 0.014369 seconds 
========================================================================
Received Prepare
Registering precompiled user dll's ...
Registered in 0.006697 seconds.
Begin MonoManager ReloadAssembly
Native extension for WindowsStandalone target not found
Refreshing native plugins compatible for Editor in 1.42 ms, found 3 plugins.
Preloading 0 native plugins for Editor in 0.00 ms.
Mono: successfully reloaded assembly
- Completed reload, in  2.753 seconds
Platform modules already initialized, skipping
Switching build target platform(19) subTarget(0) extendedPlatform(0) -> platform(13) subTarget(589824) extendedPlatform(0)
Refreshing native plugins compatible for Editor in 1.43 ms, found 3 plugins.
Preloading 0 native plugins for Editor in 0.00 ms.
Unloading 2968 Unused Serialized files (Serialized files now loaded: 0)
System memory in use before: 127.8 MB.
System memory in use after: 128.0 MB.

Unloading 63 unused Assets to reduce memory usage. Loaded Objects now: 3462.
Total: 11.638800 ms (FindLiveObjects: 0.331200 ms CreateObjectMapping: 0.214900 ms MarkObjects: 11.038200 ms  DeleteObjects: 0.052100 ms)

AssetImportParameters requested are different than current active one (requested -> active):
  custom:graphics/normal-map-encoding: 01000000000000000000000000000000 -> 02000000000000000000000000000000
========================================================================
Received Import Request.
  Time since last request: 29.821035 seconds.
  path: Assets/_Root/Resources/Prefabs/Game/PauseMenu.prefab
  artifactKey: Guid(5c737965f37aad54899cf011c1c3faf3) Importer(815301076,1909f56bfc062723c751e8b465ee728b)
Start importing Assets/_Root/Resources/Prefabs/Game/PauseMenu.prefab using Guid(5c737965f37aad54899cf011c1c3faf3) Importer(815301076,1909f56bfc062723c751e8b465ee728b)  -> (artifact id: 'bd647b9b2a11dc6f332b9efbe386438f') in 0.067496 seconds 
========================================================================
Received Import Request.
  Time since last request: 1446.672780 seconds.
  path: Assets/_Root/Scenes/Notification.unity
  artifactKey: Guid(ef06d2e4794c4884288ab41b2b4e3655) Importer(815301076,1909f56bfc062723c751e8b465ee728b)
Start importing Assets/_Root/Scenes/Notification.unity using Guid(ef06d2e4794c4884288ab41b2b4e3655) Importer(815301076,1909f56bfc062723c751e8b465ee728b)  -> (artifact id: '630560eca8eea3fa9880a71c296c5d9d') in 0.010677 seconds 
========================================================================
Received Prepare
Registering precompiled user dll's ...
Registered in 0.100981 seconds.
Begin MonoManager ReloadAssembly
Native extension for WindowsStandalone target not found
Refreshing native plugins compatible for Editor in 1.24 ms, found 3 plugins.
Preloading 0 native plugins for Editor in 0.00 ms.
Mono: successfully reloaded assembly
- Completed reload, in  2.302 seconds
Platform modules already initialized, skipping
Switching build target platform(19) subTarget(0) extendedPlatform(0) -> platform(13) subTarget(589824) extendedPlatform(0)
Refreshing native plugins compatible for Editor in 1.38 ms, found 3 plugins.
Preloading 0 native plugins for Editor in 0.00 ms.
Unloading 2969 Unused Serialized files (Serialized files now loaded: 0)
System memory in use before: 127.8 MB.
System memory in use after: 128.1 MB.

Unloading 63 unused Assets to reduce memory usage. Loaded Objects now: 3466.
Total: 12.001300 ms (FindLiveObjects: 0.533600 ms CreateObjectMapping: 0.414600 ms MarkObjects: 10.994900 ms  DeleteObjects: 0.055300 ms)

AssetImportParameters requested are different than current active one (requested -> active):
  custom:graphics/normal-map-encoding: 01000000000000000000000000000000 -> 02000000000000000000000000000000
========================================================================
Received Import Request.
  Time since last request: 373.078219 seconds.
  path: Assets/Samples/Mobile Notifications/1.4.2/Notification Samples
  artifactKey: Guid(926793a68c754bf43949c40ce6277aec) Importer(815301076,1909f56bfc062723c751e8b465ee728b)
Start importing Assets/Samples/Mobile Notifications/1.4.2/Notification Samples using Guid(926793a68c754bf43949c40ce6277aec) Importer(815301076,1909f56bfc062723c751e8b465ee728b)  -> (artifact id: 'cfff0eb33feefe97dc4238b6be8ab008') in 0.020072 seconds 
========================================================================
Received Prepare
Registering precompiled user dll's ...
Registered in 0.196932 seconds.
Begin MonoManager ReloadAssembly
Native extension for WindowsStandalone target not found
Refreshing native plugins compatible for Editor in 1.27 ms, found 3 plugins.
Preloading 0 native plugins for Editor in 0.00 ms.
Mono: successfully reloaded assembly
- Completed reload, in  2.050 seconds
Platform modules already initialized, skipping
Switching build target platform(19) subTarget(0) extendedPlatform(0) -> platform(13) subTarget(589824) extendedPlatform(0)
Refreshing native plugins compatible for Editor in 3.48 ms, found 3 plugins.
Preloading 0 native plugins for Editor in 0.00 ms.
Unloading 3007 Unused Serialized files (Serialized files now loaded: 0)
System memory in use before: 130.4 MB.
System memory in use after: 130.1 MB.

Unloading 75 unused Assets to reduce memory usage. Loaded Objects now: 3495.
Total: 22.689600 ms (FindLiveObjects: 0.606000 ms CreateObjectMapping: 0.551200 ms MarkObjects: 19.931200 ms  DeleteObjects: 1.597400 ms)

AssetImportParameters requested are different than current active one (requested -> active):
  custom:graphics/normal-map-encoding: 01000000000000000000000000000000 -> 02000000000000000000000000000000
========================================================================
Received Import Request.
  Time since last request: 17337.928041 seconds.
  path: Assets/_Root/Settings
  artifactKey: Guid(bed3c99a9847f574b9180117650bfb31) Importer(815301076,1909f56bfc062723c751e8b465ee728b)
Start importing Assets/_Root/Settings using Guid(bed3c99a9847f574b9180117650bfb31) Importer(815301076,1909f56bfc062723c751e8b465ee728b)  -> (artifact id: '7226dcdb76b955d04b4d0459a7711d25') in 0.017092 seconds 
========================================================================
Received Import Request.
  Time since last request: 10.561375 seconds.
  path: Assets/_Root/Settings/Notifications
  artifactKey: Guid(d1e5f6a68790ac2438b27eb54f34cbd2) Importer(815301076,1909f56bfc062723c751e8b465ee728b)
Start importing Assets/_Root/Settings/Notifications using Guid(d1e5f6a68790ac2438b27eb54f34cbd2) Importer(815301076,1909f56bfc062723c751e8b465ee728b)  -> (artifact id: 'a28a6d86bc82309a12fc2601e1fc34ae') in 0.010187 seconds 
========================================================================
Received Import Request.
  Time since last request: 28.281279 seconds.
  path: Assets/_Root/Settings/Notifications/NotificationSettings.asset
  artifactKey: Guid(671c7795d196f864a8dc328771a11f33) Importer(815301076,1909f56bfc062723c751e8b465ee728b)
Start importing Assets/_Root/Settings/Notifications/NotificationSettings.asset using Guid(671c7795d196f864a8dc328771a11f33) Importer(815301076,1909f56bfc062723c751e8b465ee728b)  -> (artifact id: 'e3dc259b40dcb0e1cff1c0c00763852d') in 0.033751 seconds 
========================================================================
Received Import Request.
  Time since last request: 390.701059 seconds.
  path: Assets/_Root/Settings/Notifications/NotificationSettings.asset
  artifactKey: Guid(671c7795d196f864a8dc328771a11f33) Importer(815301076,1909f56bfc062723c751e8b465ee728b)
Start importing Assets/_Root/Settings/Notifications/NotificationSettings.asset using Guid(671c7795d196f864a8dc328771a11f33) Importer(815301076,1909f56bfc062723c751e8b465ee728b)  -> (artifact id: '85f243c9e5b5ebb2a88f4a99e793a0b2') in 0.004433 seconds 
========================================================================
Received Prepare
Registering precompiled user dll's ...
Registered in 0.431871 seconds.
Begin MonoManager ReloadAssembly
Native extension for WindowsStandalone target not found
Refreshing native plugins compatible for Editor in 1.27 ms, found 3 plugins.
Preloading 0 native plugins for Editor in 0.00 ms.
Mono: successfully reloaded assembly
- Completed reload, in  2.428 seconds
Platform modules already initialized, skipping
Switching build target platform(19) subTarget(0) extendedPlatform(0) -> platform(13) subTarget(589824) extendedPlatform(0)
Refreshing native plugins compatible for Editor in 1.16 ms, found 3 plugins.
Preloading 0 native plugins for Editor in 0.00 ms.
Unloading 3006 Unused Serialized files (Serialized files now loaded: 0)
System memory in use before: 130.3 MB.
System memory in use after: 130.0 MB.

Unloading 75 unused Assets to reduce memory usage. Loaded Objects now: 3498.
Total: 10.018000 ms (FindLiveObjects: 0.379600 ms CreateObjectMapping: 0.321700 ms MarkObjects: 8.980500 ms  DeleteObjects: 0.334700 ms)

AssetImportParameters requested are different than current active one (requested -> active):
  custom:graphics/normal-map-encoding: 01000000000000000000000000000000 -> 02000000000000000000000000000000
========================================================================
Received Prepare
Registering precompiled user dll's ...
Registered in 0.091174 seconds.
Begin MonoManager ReloadAssembly
The file 'MemoryStream' is corrupted! Remove it and launch unity again!
[Position out of bounds!]

Fatal Error! The file 'MemoryStream' is corrupted! Remove it and launch unity again!
[Position out of bounds!]

Crash!!!
SymInit: Symbol-SearchPath: 'E:/Revina/2021.1.5f1/Editor/Data/Mono;.;D:\UnityEducation\CarGameMobile2D\CarGameMobile\CarGameMobile_End;D:\UnityEducation\CarGameMobile2D\CarGameMobile\CarGameMobile_End\Library\BurstCache\JIT;E:\Revina\2021.1.5f1\Editor;C:\WINDOWS;C:\WINDOWS\system32;SRV*C:\websymbols*http://msdl.microsoft.com/download/symbols;', symOptions: 534, UserName: 'Виктория'
OS-Version: 10.0.0
E:\Revina\2021.1.5f1\Editor\Unity.exe:Unity.exe (00007FF60DCA0000), size: 81629184 (result: 0), SymType: '-deferred-', PDB: '', fileVersion: 2021.1.5.14255
C:\WINDOWS\SYSTEM32\ntdll.dll:ntdll.dll (00007FFCBEF90000), size: 2052096 (result: 0), SymType: '-deferred-', PDB: '', fileVersion: 10.0.19041.1288
C:\WINDOWS\System32\KERNEL32.DLL:KERNEL32.DLL (00007FFCBD600000), size: 778240 (result: 0), SymType: '-deferred-', PDB: '', fileVersion: 10.0.19041.1348
C:\WINDOWS\System32\KERNELBASE.dll:KERNELBASE.dll (00007FFCBC8C0000), size: 2916352 (result: 0), SymType: '-deferred-', PDB: '', fileVersion: 10.0.19041.1348
C:\WINDOWS\System32\CRYPT32.dll:CRYPT32.dll (00007FFCBCE80000), size: 1400832 (result: 0), SymType: '-deferred-', PDB: '', fileVersion: 10.0.19041.1320
C:\WINDOWS\System32\ucrtbase.dll:ucrtbase.dll (00007FFCBC710000), size: 1048576 (result: 0), SymType: '-deferred-', PDB: '', fileVersion: 10.0.19041.789
C:\WINDOWS\System32\USER32.dll:USER32.dll (00007FFCBE810000), size: 1708032 (result: 0), SymType: '-deferred-', PDB: '', fileVersion: 10.0.19041.1202
C:\WINDOWS\System32\win32u.dll:win32u.dll (00007FFCBCC20000), size: 139264 (result: 0), SymType: '-deferred-', PDB: '', fileVersion: 10.0.19041.1320
C:\WINDOWS\System32\GDI32.dll:GDI32.dll (00007FFCBEA40000), size: 176128 (result: 0), SymType: '-deferred-', PDB: '', fileVersion: 10.0.19041.1202
C:\WINDOWS\System32\gdi32full.dll:gdi32full.dll (00007FFCBCC50000), size: 1093632 (result: 0), SymType: '-deferred-', PDB: '', fileVersion: 10.0.19041.1110
C:\WINDOWS\System32\msvcp_win.dll:msvcp_win.dll (00007FFCBCD60000), size: 643072 (result: 0), SymType: '-deferred-', PDB: '', fileVersion: 10.0.19041.789
C:\WINDOWS\System32\ADVAPI32.dll:ADVAPI32.dll (00007FFCBEA70000), size: 704512 (result: 0), SymType: '-deferred-', PDB: '', fileVersion: 10.0.19041.1052
C:\WINDOWS\System32\msvcrt.dll:msvcrt.dll (00007FFCBECB0000), size: 647168 (result: 0), SymType: '-deferred-', PDB: '', fileVersion: 7.0.19041.546
C:\WINDOWS\System32\sechost.dll:sechost.dll (00007FFCBD3D0000), size: 634880 (result: 0), SymType: '-deferred-', PDB: '', fileVersion: 10.0.19041.906
C:\WINDOWS\System32\RPCRT4.dll:RPCRT4.dll (00007FFCBD1D0000), size: 1220608 (result: 0), SymType: '-deferred-', PDB: '', fileVersion: 10.0.19041.1288
C:\WINDOWS\System32\SHELL32.dll:SHELL32.dll (00007FFCBDAA0000), size: 7598080 (result: 0), SymType: '-deferred-', PDB: '', fileVersion: 10.0.19041.1320
C:\WINDOWS\System32\SHLWAPI.dll:SHLWAPI.dll (00007FFCBD5A0000), size: 348160 (result: 0), SymType: '-deferred-', PDB: '', fileVersion: 10.0.19041.1023
C:\WINDOWS\System32\ole32.dll:ole32.dll (00007FFCBD470000), size: 1220608 (result: 0), SymType: '-deferred-', PDB: '', fileVersion: 10.0.19041.1202
C:\WINDOWS\System32\combase.dll:combase.dll (00007FFCBD740000), size: 3493888 (result: 0), SymType: '-deferred-', PDB: '', fileVersion: 10.0.19041.1348
C:\WINDOWS\System32\IMM32.dll:IMM32.dll (00007FFCBEBB0000), size: 196608 (result: 0), SymType: '-deferred-', PDB: '', fileVersion: 10.0.19041.546
C:\WINDOWS\System32\SETUPAPI.dll:SETUPAPI.dll (00007FFCBE1E0000), size: 4661248 (result: 0), SymType: '-deferred-', PDB: '', fileVersion: 10.0.19041.1237
C:\WINDOWS\System32\cfgmgr32.dll:cfgmgr32.dll (00007FFCBCE30000), size: 319488 (result: 0), SymType: '-deferred-', PDB: '', fileVersion: 10.0.19041.1151
C:\WINDOWS\System32\bcrypt.dll:bcrypt.dll (00007FFCBCE00000), size: 159744 (result: 0), SymType: '-deferred-', PDB: '', fileVersion: 10.0.19041.1023
C:\WINDOWS\System32\WS2_32.dll:WS2_32.dll (00007FFCBEC40000), size: 438272 (result: 0), SymType: '-deferred-', PDB: '', fileVersion: 10.0.19041.546
C:\WINDOWS\System32\OLEAUT32.dll:OLEAUT32.dll (00007FFCBD300000), size: 839680 (result: 0), SymType: '-deferred-', PDB: '', fileVersion: 10.0.19041.985
C:\WINDOWS\System32\WINTRUST.dll:WINTRUST.dll (00007FFCBC6B0000), size: 393216 (result: 0), SymType: '-deferred-', PDB: '', fileVersion: 10.0.19041.1266
E:\Revina\2021.1.5f1\Editor\optix.6.0.0.dll:optix.6.0.0.dll (00007FFC84AD0000), size: 208896 (result: 0), SymType: '-deferred-', PDB: '', fileVersion: 6.0.0.0
E:\Revina\2021.1.5f1\Editor\OpenImageDenoise.dll:OpenImageDenoise.dll (00007FFC4EF10000), size: 43806720 (result: 0), SymType: '-deferred-', PDB: ''
E:\Revina\2021.1.5f1\Editor\umbraoptimizer64.dll:umbraoptimizer64.dll (00007FFC72FA0000), size: 1306624 (result: 0), SymType: '-deferred-', PDB: ''
C:\WINDOWS\System32\WLDAP32.dll:WLDAP32.dll (00007FFCBEBE0000), size: 352256 (result: 0), SymType: '-deferred-', PDB: '', fileVersion: 10.0.19041.546
C:\WINDOWS\System32\Normaliz.dll:Normaliz.dll (00007FFCBD730000), size: 32768 (result: 0), SymType: '-deferred-', PDB: '', fileVersion: 10.0.19041.546
E:\Revina\2021.1.5f1\Editor\etccompress.dll:etccompress.dll (00007FFC68800000), size: 5066752 (result: 0), SymType: '-deferred-', PDB: ''
E:\Revina\2021.1.5f1\Editor\FreeImage.dll:FreeImage.dll (0000000180000000), size: 6414336 (result: 0), SymType: '-deferred-', PDB: '', fileVersion: 3.18.0.0
E:\Revina\2021.1.5f1\Editor\ispc_texcomp.dll:ispc_texcomp.dll (00007FFC6A2F0000), size: 1744896 (result: 0), SymType: '-deferred-', PDB: ''
E:\Revina\2021.1.5f1\Editor\WinPixEventRuntime.dll:WinPixEventRuntime.dll (00007FFC8AB30000), size: 45056 (result: 0), SymType: '-deferred-', PDB: '', fileVersion: 1.0.1812.6001
E:\Revina\2021.1.5f1\Editor\libfbxsdk.dll:libfbxsdk.dll (00007FFC66B60000), size: 10215424 (result: 0), SymType: '-deferred-', PDB: '', fileVersion: 2020.2.0.0
C:\WINDOWS\SYSTEM32\GLU32.dll:GLU32.dll (00007FFC82AA0000), size: 180224 (result: 0), SymType: '-deferred-', PDB: '', fileVersion: 10.0.19041.1081
C:\WINDOWS\SYSTEM32\IPHLPAPI.DLL:IPHLPAPI.DLL (00007FFCBBB00000), size: 241664 (result: 0), SymType: '-deferred-', PDB: '', fileVersion: 10.0.19041.546
C:\WINDOWS\SYSTEM32\WINHTTP.dll:WINHTTP.dll (00007FFCB3EC0000), size: 1097728 (result: 0), SymType: '-deferred-', PDB: '', fileVersion: 10.0.19041.1320
C:\WINDOWS\SYSTEM32\WINMM.dll:WINMM.dll (00007FFCB4020000), size: 159744 (result: 0), SymType: '-deferred-', PDB: '', fileVersion: 10.0.19041.546
C:\WINDOWS\SYSTEM32\HID.DLL:HID.DLL (00007FFCBAF60000), size: 53248 (result: 0), SymType: '-deferred-', PDB: '', fileVersion: 10.0.19041.546
E:\Revina\2021.1.5f1\Editor\RadeonImageFilters.dll:RadeonImageFilters.dll (00007FFC68590000), size: 2535424 (result: 0), SymType: '-deferred-', PDB: '', fileVersion: 1.5.1.0
E:\Revina\2021.1.5f1\Editor\SketchUpAPI.dll:SketchUpAPI.dll (00007FFC67890000), size: 8978432 (result: 0), SymType: '-deferred-', PDB: '', fileVersion: 19.0.753.0
C:\WINDOWS\SYSTEM32\OPENGL32.dll:OPENGL32.dll (00007FFC6F470000), size: 1200128 (result: 0), SymType: '-deferred-', PDB: '', fileVersion: 10.0.19041.1081
C:\WINDOWS\SYSTEM32\MSWSOCK.dll:MSWSOCK.dll (00007FFCBBE60000), size: 434176 (result: 0), SymType: '-deferred-', PDB: '', fileVersion: 10.0.19041.546
E:\Revina\2021.1.5f1\Editor\tbb.dll:tbb.dll (00007FFC7F390000), size: 413696 (result: 0), SymType: '-deferred-', PDB: '', fileVersion: 2017.0.2016.1004
C:\WINDOWS\SYSTEM32\MSVCP140.dll:MSVCP140.dll (00007FFCA8360000), size: 577536 (result: 0), SymType: '-deferred-', PDB: '', fileVersion: 14.29.30133.0
C:\WINDOWS\SYSTEM32\VCRUNTIME140.dll:VCRUNTIME140.dll (00007FFCA8340000), size: 110592 (result: 0), SymType: '-deferred-', PDB: '', fileVersion: 14.29.30133.0
E:\Revina\2021.1.5f1\Editor\SketchUpCommonPreferences.dll:SketchUpCommonPreferences.dll (00007FFC7E090000), size: 483328 (result: 0), SymType: '-deferred-', PDB: '', fileVersion: 19.0.753.20342
C:\WINDOWS\SYSTEM32\MSVCP120.dll:MSVCP120.dll (00007FFC99810000), size: 679936 (result: 0), SymType: '-deferred-', PDB: '', fileVersion: 12.0.40664.0
C:\WINDOWS\SYSTEM32\MSVCR120.dll:MSVCR120.dll (00007FFCA8A60000), size: 978944 (result: 0), SymType: '-deferred-', PDB: '', fileVersion: 12.0.40664.0
C:\WINDOWS\SYSTEM32\Secur32.dll:Secur32.dll (00007FFCADAC0000), size: 49152 (result: 0), SymType: '-deferred-', PDB: '', fileVersion: 10.0.19041.546
C:\WINDOWS\SYSTEM32\VCRUNTIME140_1.dll:VCRUNTIME140_1.dll (00007FFCA8330000), size: 49152 (result: 0), SymType: '-deferred-', PDB: '', fileVersion: 14.29.30133.0
C:\WINDOWS\SYSTEM32\VERSION.dll:VERSION.dll (00007FFCB4350000), size: 40960 (result: 0), SymType: '-deferred-', PDB: '', fileVersion: 10.0.19041.546
C:\WINDOWS\SYSTEM32\SSPICLI.DLL:SSPICLI.DLL (00007FFCBC570000), size: 200704 (result: 0), SymType: '-deferred-', PDB: '', fileVersion: 10.0.19041.1266
E:\Revina\2021.1.5f1\Editor\OpenRL.dll:OpenRL.dll (00000250DD710000), size: 12779520 (result: 0), SymType: '-deferred-', PDB: '', fileVersion: 1.5.0.2907
C:\WINDOWS\SYSTEM32\MSVCP100.dll:MSVCP100.dll (0000000068200000), size: 622592 (result: 0), SymType: '-deferred-', PDB: '', fileVersion: 10.0.40219.473
C:\WINDOWS\SYSTEM32\MSVCR100.dll:MSVCR100.dll (0000000066C10000), size: 860160 (result: 0), SymType: '-deferred-', PDB: '', fileVersion: 10.0.40219.473
E:\Revina\2021.1.5f1\Editor\embree.dll:embree.dll (00007FFC5F990000), size: 16711680 (result: 0), SymType: '-deferred-', PDB: '', fileVersion: 2.14.0.0
E:\Revina\2021.1.5f1\Editor\OpenRL_pthread.dll:OpenRL_pthread.dll (00000250DE360000), size: 61440 (result: 0), SymType: '-deferred-', PDB: '', fileVersion: 2.9.0.0
C:\WINDOWS\SYSTEM32\MSASN1.dll:MSASN1.dll (00007FFCBC290000), size: 73728 (result: 0), SymType: '-deferred-', PDB: '', fileVersion: 10.0.19041.546
C:\WINDOWS\SYSTEM32\kernel.appcore.dll:kernel.appcore.dll (00007FFCBA5C0000), size: 73728 (result: 0), SymType: '-deferred-', PDB: '', fileVersion: 10.0.19041.546
C:\WINDOWS\System32\bcryptPrimitives.dll:bcryptPrimitives.dll (00007FFCBCB90000), size: 536576 (result: 0), SymType: '-deferred-', PDB: '', fileVersion: 10.0.19041.1348
C:\WINDOWS\system32\uxtheme.dll:uxtheme.dll (00007FFCBA0F0000), size: 647168 (result: 0), SymType: '-deferred-', PDB: '', fileVersion: 10.0.19041.1266
C:\WINDOWS\System32\shcore.dll:shcore.dll (00007FFCBEEA0000), size: 708608 (result: 0), SymType: '-deferred-', PDB: '', fileVersion: 10.0.19041.1320
C:\WINDOWS\SYSTEM32\windows.storage.dll:windows.storage.dll (00007FFCBA7D0000), size: 7929856 (result: 0), SymType: '-deferred-', PDB: '', fileVersion: 10.0.19041.1320
C:\WINDOWS\SYSTEM32\Wldp.dll:Wldp.dll (00007FFCBC100000), size: 188416 (result: 0), SymType: '-deferred-', PDB: '', fileVersion: 10.0.19041.1320
C:\WINDOWS\SYSTEM32\profapi.dll:profapi.dll (00007FFCBC5F0000), size: 126976 (result: 0), SymType: '-deferred-', PDB: '', fileVersion: 10.0.19041.844
C:\WINDOWS\System32\clbcatq.dll:clbcatq.dll (00007FFCBD120000), size: 692224 (result: 0), SymType: '-deferred-', PDB: '', fileVersion: 2001.12.10941.16384
C:\WINDOWS\System32\netprofm.dll:netprofm.dll (00007FFCB81E0000), size: 253952 (result: 0), SymType: '-deferred-', PDB: '', fileVersion: 10.0.19041.906
C:\WINDOWS\System32\npmproxy.dll:npmproxy.dll (00007FFCB2FC0000), size: 65536 (result: 0), SymType: '-deferred-', PDB: '', fileVersion: 10.0.19041.906
C:\WINDOWS\System32\NSI.dll:NSI.dll (00007FFCBD6C0000), size: 32768 (result: 0), SymType: '-deferred-', PDB: '', fileVersion: 10.0.19041.610
C:\WINDOWS\SYSTEM32\dhcpcsvc6.DLL:dhcpcsvc6.DLL (00007FFCB4210000), size: 94208 (result: 0), SymType: '-deferred-', PDB: '', fileVersion: 10.0.19041.546
C:\WINDOWS\SYSTEM32\dhcpcsvc.DLL:dhcpcsvc.DLL (00007FFCB53D0000), size: 118784 (result: 0), SymType: '-deferred-', PDB: '', fileVersion: 10.0.19041.546
C:\WINDOWS\SYSTEM32\DNSAPI.dll:DNSAPI.dll (00007FFCBBB50000), size: 831488 (result: 0), SymType: '-deferred-', PDB: '', fileVersion: 10.0.19041.1320
C:\WINDOWS\System32\fwpuclnt.dll:fwpuclnt.dll (00007FFCB3BF0000), size: 520192 (result: 0), SymType: '-deferred-', PDB: '', fileVersion: 10.0.19041.1348
C:\Windows\System32\rasadhlp.dll:rasadhlp.dll (00007FFCB55A0000), size: 40960 (result: 0), SymType: '-deferred-', PDB: '', fileVersion: 10.0.19041.546
E:\Revina\2021.1.5f1\Editor\Data\Tools\astcenc-sse42.dll:astcenc-sse42.dll (00007FFC7BDD0000), size: 602112 (result: 0), SymType: '-deferred-', PDB: ''
C:\WINDOWS\SYSTEM32\d3d11.dll:d3d11.dll (00007FFCB83F0000), size: 2506752 (result: 0), SymType: '-deferred-', PDB: '', fileVersion: 10.0.19041.1202
C:\WINDOWS\SYSTEM32\dxgi.dll:dxgi.dll (00007FFCBAFA0000), size: 999424 (result: 0), SymType: '-deferred-', PDB: '', fileVersion: 10.0.19041.1266
C:\WINDOWS\System32\DriverStore\FileRepository\nv_dispi.inf_amd64_1c83a5d7cffd7bff\nvldumdx.dll:nvldumdx.dll (00007FFCB37C0000), size: 1056768 (result: 0), SymType: '-deferred-', PDB: '', fileVersion: 27.21.14.5671
C:\WINDOWS\SYSTEM32\cryptnet.dll:cryptnet.dll (00007FFCB3BA0000), size: 200704 (result: 0), SymType: '-deferred-', PDB: '', fileVersion: 10.0.19041.906
C:\WINDOWS\SYSTEM32\cryptbase.dll:cryptbase.dll (00007FFCBC070000), size: 49152 (result: 0), SymType: '-deferred-', PDB: '', fileVersion: 10.0.19041.546
C:\WINDOWS\System32\imagehlp.dll:imagehlp.dll (00007FFCBCFE0000), size: 118784 (result: 0), SymType: '-deferred-', PDB: '', fileVersion: 10.0.19041.546
C:\WINDOWS\SYSTEM32\CRYPTSP.dll:CRYPTSP.dll (00007FFCBC050000), size: 98304 (result: 0), SymType: '-deferred-', PDB: '', fileVersion: 10.0.19041.546
C:\WINDOWS\system32\rsaenh.dll:rsaenh.dll (00007FFCBB770000), size: 212992 (result: 0), SymType: '-deferred-', PDB: '', fileVersion: 10.0.19041.1052
C:\WINDOWS\System32\DriverStore\FileRepository\nv_dispi.inf_amd64_1c83a5d7cffd7bff\nvwgf2umx.dll:nvwgf2umx.dll (00007FFC75850000), size: 44793856 (result: 0), SymType: '-deferred-', PDB: '', fileVersion: 27.21.14.5671
C:\WINDOWS\SYSTEM32\dxcore.dll:dxcore.dll (00007FFCB4450000), size: 241664 (result: 0), SymType: '-deferred-', PDB: '', fileVersion: 10.0.19041.546
C:\WINDOWS\system32\wbem\wbemprox.dll:wbemprox.dll (00007FFCB0D60000), size: 69632 (result: 0), SymType: '-deferred-', PDB: '', fileVersion: 10.0.19041.1320
C:\WINDOWS\SYSTEM32\wbemcomn.dll:wbemcomn.dll (00007FFCB5330000), size: 598016 (result: 0), SymType: '-deferred-', PDB: '', fileVersion: 10.0.19041.1081
C:\WINDOWS\system32\wbem\wbemsvc.dll:wbemsvc.dll (00007FFCB2F80000), size: 81920 (result: 0), SymType: '-deferred-', PDB: '', fileVersion: 10.0.19041.1320
C:\WINDOWS\system32\wbem\fastprox.dll:fastprox.dll (00007FFCB2FF0000), size: 1093632 (result: 0), SymType: '-deferred-', PDB: '', fileVersion: 10.0.19041.546
C:\WINDOWS\SYSTEM32\amsi.dll:amsi.dll (00007FFCB2570000), size: 102400 (result: 0), SymType: '-deferred-', PDB: '', fileVersion: 10.0.19041.746
C:\WINDOWS\SYSTEM32\USERENV.dll:USERENV.dll (00007FFCBC5B0000), size: 188416 (result: 0), SymType: '-deferred-', PDB: '', fileVersion: 10.0.19041.572
C:\ProgramData\Microsoft\Windows Defender\Platform\4.18.2110.6-0\MpOav.dll:MpOav.dll (00007FFCB21B0000), size: 499712 (result: 0), SymType: '-deferred-', PDB: '', fileVersion: 4.18.2110.6
E:\Revina\2021.1.5f1\Editor\cudart64_90.dll:cudart64_90.dll (00007FFC7D4E0000), size: 397312 (result: 0), SymType: '-deferred-', PDB: '', fileVersion: 6.14.11.9000
C:\WINDOWS\SYSTEM32\opencl.dll:opencl.dll (00007FFC7B1B0000), size: 462848 (result: 0), SymType: '-deferred-', PDB: '', fileVersion: 2.2.5.0
E:\Revina\2021.1.5f1\Editor\radeonrays.dll:radeonrays.dll (00007FFC74AF0000), size: 552960 (result: 0), SymType: '-deferred-', PDB: ''
E:\Revina\2021.1.5f1\Editor\Data\MonoBleedingEdge\EmbedRuntime\mono-2.0-bdwgc.dll:mono-2.0-bdwgc.dll (00007FFC663F0000), size: 7790592 (result: 0), SymType: '-deferred-', PDB: ''
C:\WINDOWS\System32\PSAPI.DLL:PSAPI.DLL (00007FFCBEE90000), size: 32768 (result: 0), SymType: '-deferred-', PDB: '', fileVersion: 10.0.19041.546
C:\WINDOWS\SYSTEM32\PROPSYS.dll:PROPSYS.dll (00007FFCB8270000), size: 1007616 (result: 0), SymType: '-deferred-', PDB: '', fileVersion: 7.0.19041.1023
C:\WINDOWS\WinSxS\amd64_microsoft.windows.common-controls_6595b64144ccf1df_6.0.19041.1110_none_60b5254171f9507e\comctl32.dll:comctl32.dll (00007FFC99570000), size: 2727936 (result: 0), SymType: '-deferred-', PDB: '', fileVersion: 6.10.19041.1110
C:\WINDOWS\SYSTEM32\WindowsCodecs.dll:WindowsCodecs.dll (00007FFCB6E40000), size: 1785856 (result: 0), SymType: '-deferred-', PDB: '', fileVersion: 10.0.19041.1151
C:\Windows\System32\thumbcache.dll:thumbcache.dll (00007FFC87E50000), size: 417792 (result: 0), SymType: '-deferred-', PDB: '', fileVersion: 10.0.19041.1151
C:\WINDOWS\SYSTEM32\policymanager.dll:policymanager.dll (00007FFCB7F30000), size: 655360 (result: 0), SymType: '-deferred-', PDB: '', fileVersion: 10.0.19041.1320
C:\WINDOWS\SYSTEM32\msvcp110_win.dll:msvcp110_win.dll (00007FFCBB800000), size: 565248 (result: 0), SymType: '-deferred-', PDB: '', fileVersion: 10.0.19041.546
C:\WINDOWS\SYSTEM32\dbghelp.dll:dbghelp.dll (00007FFCB34D0000), size: 1982464 (result: 0), SymType: '-deferred-', PDB: '', fileVersion: 10.0.19041.867

========== OUTPUTTING STACK TRACE ==================

0x00007FFCBC8F4F69 (KERNELBASE) RaiseException
0x00007FF60EE5E65C (Unity) EditorMonoConsole::LogToConsoleImplementation
0x00007FF60EE5EED1 (Unity) EditorMonoConsole::LogToConsoleImplementation
0x00007FF610270C38 (Unity) DebugStringToFilePostprocessedStacktrace
0x00007FF61027042B (Unity) DebugStringToFile
0x00007FF60E8590FC (Unity) CachedReader::OutOfBoundsError
0x00007FF60E859623 (Unity) CachedReader::Read
0x00007FF60EAE5528 (Unity) TransferField_NonArray<StreamedBinaryRead,Converter_String>
0x00007FF60DF284A6 (Unity) ExecuteSerializationCommands<ConfigSettingsRead>
0x00007FF60EB09A72 (Unity) Transfer_ManagedObject<StreamedBinaryRead,0>
0x00007FF60EA7BF26 (Unity) ExecuteSerializationCommands<SafeBinaryRead>
0x00007FF60EA8898E (Unity) TransferScriptingObject<StreamedBinaryRead,0>
0x00007FF60EA9A57C (Unity) SerializableManagedRefTransfer::TransferBinaryInstanceOnly
0x00007FF60EA7D6A8 (Unity) SerializableManagedRefTransfer::RestoreBackupImpl<SerializableManagedRefBackupGenerator>
0x00007FF60EA7D549 (Unity) SerializableManagedRefTransfer::RestoreBackup<SerializableManagedRefBackupGenerator>
0x00007FF60EB16AC1 (Unity) SerializableManagedRefsUtilities::RestoreBackups
0x00007FF60EA90019 (Unity) MonoManager::EndReloadAssembly
0x00007FF60EA96DED (Unity) MonoManager::ReloadAssembly
0x00007FF60F231662 (Unity) LoadDomainAndUserAssemblies
0x00007FF60F231A1C (Unity) LoadUserAssemblies
0x00007FF60F43CEF8 (Unity) <lambda_15c8da1c90a30e86cd2096f929d4dd2f>::operator()
0x00007FF60F4C3BD2 (Unity) asio::detail::completion_handler<core::mutable_function<void __cdecl(void)> >::do_complete
0x00007FF60F4C5E40 (Unity) asio::detail::win_iocp_io_service::do_one
0x00007FF60F4C952E (Unity) asio::io_service::run
0x00007FF60F465AAA (Unity) RunAssetImportWorkerClientV2
0x00007FF60F465B00 (Unity) RunAssetImporterV2
0x00007FF60EF6B406 (Unity) Application::InitializeProject
0x00007FF60F3790E7 (Unity) WinMain
0x00007FF610EA51F2 (Unity) __scrt_common_main_seh
0x00007FFCBD617034 (KERNEL32) BaseThreadInitThunk
0x00007FFCBEFE2651 (ntdll) RtlUserThreadStart

========== END OF STACKTRACE ===========

A crash has been intercepted by the crash handler. For call stack and other details, see the latest crash report generated in:
 * C:/Users/ADCC~1/AppData/Local/Temp/Unity/Editor/Crashes
